2017-10-09 22:10:19,068 golem INFO Test execution started: index.create_project_name_too_short
2017-10-09 22:10:19,069 golem INFO Browser: chrome-headless
2017-10-09 22:10:19,069 golem INFO Environment: test
2017-10-09 22:10:19,070 golem INFO Using data: 
    url: http://localhost:8000

2017-10-09 22:10:23,221 golem INFO Navigate to: 'http://localhost:8000'
2017-10-09 22:10:23,254 golem DEBUG Element found
2017-10-09 22:10:23,413 golem INFO Write 'admin' in element username
2017-10-09 22:10:23,449 golem DEBUG Element found
2017-10-09 22:10:23,574 golem INFO Write 'admin' in element password
2017-10-09 22:10:23,611 golem DEBUG Element found
2017-10-09 22:10:23,652 golem INFO Click login_button
2017-10-09 22:10:23,909 golem DEBUG Element found
2017-10-09 22:10:23,935 golem INFO Click Create Project button
2017-10-09 22:10:24,000 golem INFO Random value generated: ky
2017-10-09 22:10:24,000 golem INFO Store value ky in key project_name
2017-10-09 22:10:24,026 golem DEBUG Element found
2017-10-09 22:10:24,116 golem INFO Write 'ky' in element Project Name input
2017-10-09 22:10:24,139 golem DEBUG Element found
2017-10-09 22:10:24,172 golem INFO Click Create button
2017-10-09 22:10:24,246 golem INFO Waiting for element ('id', 'errorModal', 'error_modal') to be visible
2017-10-09 22:10:24,272 golem DEBUG Element found
2017-10-09 22:10:24,289 golem DEBUG Element still not visible, waiting
2017-10-09 22:10:24,835 golem INFO Take screenshot verify the application shows the error message: Project name is too short
2017-10-09 22:10:25,573 golem INFO Close driver
2017-10-09 22:10:25,646 golem INFO Test passed
