09:56:33.186 INFO Test execution started: index.create_project
09:56:33.186 INFO Browser: chrome
09:56:33.187 INFO Environment: test
09:56:33.187 INFO Using data: 
    url: http://localhost:8000

09:56:36.079 INFO Navigate to: 'http://localhost:8000'
09:56:36.299 INFO Write 'admin' in element username
09:56:36.428 INFO Write 'admin' in element password
09:56:36.480 INFO Click login_button
09:56:36.780 INFO Click Create Project button
09:56:36.844 INFO Random value generated: hqyf
09:56:36.845 INFO Store value hqyf in key project_name
09:56:36.845 INFO Waiting for element ('id', 'newProjectName', 'Project Name input') to be visible
09:56:37.259 INFO Write 'hqyf' in element Project Name input
09:56:37.316 INFO Click Create button
09:56:40.925 INFO Waiting for element ('id', 'createProjectCreate', 'Create button') to be not visible
09:56:42.702 INFO Take screenshot verify the project exists in the list
09:56:46.320 INFO Take screenshot test end
09:56:47.279 INFO Close driver
09:56:47.397 INFO Test passed
