2017-10-10 23:24:49,522 golem INFO Test execution started: project.add_page
2017-10-10 23:24:49,523 golem INFO Browser: chrome-headless
2017-10-10 23:24:49,523 golem INFO Environment: test
2017-10-10 23:24:49,524 golem INFO Using data: 
    url: http://localhost:8000

2017-10-10 23:25:05,750 golem INFO Navigate to: 'http://localhost:8000'
2017-10-10 23:25:05,799 golem DEBUG Element found
2017-10-10 23:25:06,939 golem INFO Write 'admin' in element username
2017-10-10 23:25:06,969 golem DEBUG Element found
2017-10-10 23:25:07,083 golem INFO Write 'admin' in element password
2017-10-10 23:25:07,113 golem DEBUG Element found
2017-10-10 23:25:07,162 golem INFO Click login_button
2017-10-10 23:25:09,305 golem INFO Random value generated: yqcap
2017-10-10 23:25:09,422 golem INFO Store value yqcap in key page_name
2017-10-10 23:25:09,739 golem DEBUG Element found
2017-10-10 23:25:09,865 golem DEBUG Element found
2017-10-10 23:25:09,982 golem DEBUG Element found
2017-10-10 23:25:10,337 golem DEBUG Element found
2017-10-10 23:25:10,524 golem INFO Write 'yqcap' in element None
2017-10-10 23:25:10,525 golem INFO Press key: ENTER
2017-10-10 23:25:10,607 golem DEBUG Element found
2017-10-10 23:25:10,685 golem DEBUG Element found
2017-10-10 23:25:10,769 golem INFO Close driver
2017-10-10 23:25:10,842 golem INFO Test passed
