2017-10-09 22:05:10,761 golem INFO Test execution started: project.add_page_with_duplicated_name
2017-10-09 22:05:10,762 golem INFO Browser: chrome-headless
2017-10-09 22:05:10,763 golem INFO Environment: test
2017-10-09 22:05:10,763 golem INFO Using data: 
    url: http://localhost:8000

2017-10-09 22:05:18,566 golem INFO Navigate to: 'http://localhost:8000'
2017-10-09 22:05:18,599 golem DEBUG Element found
2017-10-09 22:05:18,806 golem INFO Write 'admin' in element username
2017-10-09 22:05:18,856 golem DEBUG Element found
2017-10-09 22:05:19,063 golem INFO Write 'admin' in element password
2017-10-09 22:05:19,093 golem DEBUG Element found
2017-10-09 22:05:19,132 golem INFO Click login_button
2017-10-09 22:05:19,668 golem INFO Random value generated: scave
2017-10-09 22:05:19,669 golem INFO Store value scave in key page_name
2017-10-09 22:05:19,746 golem DEBUG Element found
2017-10-09 22:05:20,008 golem DEBUG Element found
2017-10-09 22:05:20,059 golem DEBUG Element found
2017-10-09 22:05:20,186 golem DEBUG Element found
2017-10-09 22:05:20,280 golem INFO Write 'scave' in element None
2017-10-09 22:05:20,281 golem INFO Press key: ENTER
2017-10-09 22:05:20,313 golem DEBUG Element found
2017-10-09 22:05:20,338 golem DEBUG Element found
2017-10-09 22:05:20,364 golem DEBUG Element found
2017-10-09 22:05:20,434 golem DEBUG Element found
2017-10-09 22:05:20,484 golem INFO Write 'scave' in element None
2017-10-09 22:05:20,485 golem INFO Press key: ENTER
2017-10-09 22:05:20,508 golem INFO Waiting for element ('id', 'errorModal', 'Error modal') to be visible
2017-10-09 22:05:20,543 golem DEBUG Element found
2017-10-09 22:05:20,570 golem DEBUG Element still not visible, waiting
2017-10-09 22:05:21,139 golem INFO Close driver
2017-10-09 22:05:21,206 golem INFO Test passed
