13:02:35.709 INFO Test execution started: index.create_project_repeated_name
13:02:35.710 INFO Browser: chrome
13:02:35.710 INFO Environment: test
13:02:35.710 INFO Using data: 
    url: http://localhost:8000

13:02:38.807 INFO Navigate to: 'http://localhost:8000'
13:02:39.077 INFO Write 'admin' in element username
13:02:39.209 INFO Write 'admin' in element password
13:02:39.282 INFO Click login_button
13:02:42.684 INFO Click Create Project button
13:02:42.901 INFO Random value generated: tszld
13:02:42.901 INFO Store value tszld in key project_name
13:02:43.223 INFO Write 'tszld' in element Project Name input
13:02:43.400 INFO Click Create button
13:02:43.631 INFO Click Create Project button
13:02:43.897 INFO Write 'tszld' in element Project Name input
13:02:43.927 INFO Click Create button
13:02:44.015 INFO Waiting for element ('id', 'errorModal', 'error_modal') to be visible
13:02:44.728 INFO Take screenshot verify the application shows the error message: A project with that name already exists
13:02:45.845 INFO Take screenshot test end
13:02:46.991 INFO Close driver
13:02:47.110 INFO Test passed
