2017-10-09 22:04:44,014 golem INFO Test execution started: index.create_project_repeated_name
2017-10-09 22:04:44,014 golem INFO Browser: chrome-headless
2017-10-09 22:04:44,015 golem INFO Environment: test
2017-10-09 22:04:44,015 golem INFO Using data: 
    url: http://localhost:8000

2017-10-09 22:04:50,461 golem INFO Navigate to: 'http://localhost:8000'
2017-10-09 22:04:50,490 golem DEBUG Element found
2017-10-09 22:04:50,655 golem INFO Write 'admin' in element username
2017-10-09 22:04:50,714 golem DEBUG Element found
2017-10-09 22:04:50,825 golem INFO Write 'admin' in element password
2017-10-09 22:04:50,859 golem DEBUG Element found
2017-10-09 22:04:50,892 golem INFO Click login_button
2017-10-09 22:04:51,146 golem DEBUG Element found
2017-10-09 22:04:51,171 golem INFO Click Create Project button
2017-10-09 22:04:51,226 golem INFO Random value generated: xjrux
2017-10-09 22:04:51,227 golem INFO Store value xjrux in key project_name
2017-10-09 22:04:51,257 golem DEBUG Element found
2017-10-09 22:04:51,364 golem INFO Write 'xjrux' in element Project Name input
2017-10-09 22:04:51,388 golem DEBUG Element found
2017-10-09 22:04:51,419 golem INFO Click Create button
2017-10-09 22:04:51,500 golem DEBUG Element found
2017-10-09 22:04:51,519 golem INFO Click Create Project button
2017-10-09 22:04:51,566 golem DEBUG Element found
2017-10-09 22:04:51,618 golem INFO Write 'xjrux' in element Project Name input
2017-10-09 22:04:51,630 golem DEBUG Element found
2017-10-09 22:04:51,647 golem INFO Click Create button
2017-10-09 22:04:51,699 golem INFO Waiting for element ('id', 'errorModal', 'error_modal') to be visible
2017-10-09 22:04:51,727 golem DEBUG Element found
2017-10-09 22:04:51,748 golem DEBUG Element still not visible, waiting
2017-10-09 22:04:52,330 golem INFO Take screenshot verify the application shows the error message: A project with that name already exists
2017-10-09 22:04:53,173 golem INFO Close driver
2017-10-09 22:04:53,243 golem INFO Test passed
