22:04:44.014 INFO Test execution started: index.create_project_repeated_name
22:04:44.014 INFO Browser: chrome-headless
22:04:44.015 INFO Environment: test
22:04:44.015 INFO Using data: 
    url: http://localhost:8000

22:04:50.461 INFO Navigate to: 'http://localhost:8000'
22:04:50.655 INFO Write 'admin' in element username
22:04:50.825 INFO Write 'admin' in element password
22:04:50.892 INFO Click login_button
22:04:51.171 INFO Click Create Project button
22:04:51.226 INFO Random value generated: xjrux
22:04:51.227 INFO Store value xjrux in key project_name
22:04:51.364 INFO Write 'xjrux' in element Project Name input
22:04:51.419 INFO Click Create button
22:04:51.519 INFO Click Create Project button
22:04:51.618 INFO Write 'xjrux' in element Project Name input
22:04:51.647 INFO Click Create button
22:04:51.699 INFO Waiting for element ('id', 'errorModal', 'error_modal') to be visible
22:04:52.330 INFO Take screenshot verify the application shows the error message: A project with that name already exists
22:04:53.173 INFO Close driver
22:04:53.243 INFO Test passed
