2017-10-05 15:13:46,397 golem INFO Test execution started: my_account.click_login_without_password
2017-10-05 15:13:46,398 golem INFO Driver: chrome-headless
2017-10-05 15:14:20,310 golem INFO Navigate to: 'http://store.demoqa.com/'
2017-10-05 15:14:20,357 golem DEBUG Element found
2017-10-05 15:14:20,518 golem INFO Click my_account
2017-10-05 15:14:31,021 golem DEBUG Element found
2017-10-05 15:14:32,714 golem INFO Write 'my_username' in element username input
2017-10-05 15:14:32,749 golem DEBUG Element found
2017-10-05 15:14:32,869 golem INFO Click login_button
2017-10-05 15:14:32,869 golem INFO Waiting for element ('css', 'div.wpsc_loading_animation', 'loading_icon') to be not visible
2017-10-05 15:14:32,915 golem DEBUG Element found
2017-10-05 15:14:32,965 golem DEBUG Element is still visible, waiting...
2017-10-05 15:14:33,502 golem DEBUG Element is still visible, waiting...
2017-10-05 15:14:34,011 golem DEBUG Element is still visible, waiting...
2017-10-05 15:14:34,519 golem INFO Waiting for element ('css', '#ajax_loginform>p.response', 'error_message') to be visible
2017-10-05 15:14:34,559 golem DEBUG Element found
2017-10-05 15:14:34,597 golem DEBUG Element still not visible, waiting
2017-10-05 15:14:35,153 golem DEBUG Element found
2017-10-05 15:14:35,166 golem INFO Verify element 'error_message' contains text 'ERROR: The password field is empty.'
2017-10-05 15:14:35,198 golem INFO Take screenshot Error message
2017-10-05 15:14:40,644 golem INFO Test passed
