11:28:53.303 INFO Test execution started: index.create_project_repeated_name
11:28:53.304 INFO Browser: chrome
11:28:53.304 INFO Environment: test
11:28:53.305 INFO Using data: 
    url: http://localhost:8000

11:29:01.170 INFO Navigate to: 'http://localhost:8000'
11:29:01.374 INFO Write 'admin' in element username
11:29:01.504 INFO Write 'admin' in element password
11:29:01.565 INFO Click login_button
11:29:01.867 INFO Click Create Project button
11:29:01.933 INFO Random value generated: pfpcl
11:29:01.933 INFO Store value project_pfpcl in key project_name
11:29:02.318 INFO Write 'project_pfpcl' in element Project Name input
11:29:02.378 INFO Click Create button
11:29:02.485 INFO Click Create Project button
11:29:02.653 INFO Write 'project_pfpcl' in element Project Name input
11:29:02.681 INFO Click Create button
11:29:02.735 INFO Waiting for element ('id', 'errorModal', 'error_modal') to be visible
11:29:03.379 INFO Take screenshot verify the application shows the error message: A project with that name already exists
11:29:05.860 INFO Take screenshot test end
11:29:06.287 INFO Close driver
11:29:06.354 INFO Test passed
