11:29:16.605 INFO Test execution started: page_builder.add_element_to_page
11:29:16.606 INFO Browser: chrome
11:29:16.607 INFO Environment: test
11:29:16.607 INFO Using data: 
    url: http://localhost:8000

11:29:20.717 INFO Navigate to: 'http://localhost:8000'
11:29:20.886 INFO Write 'admin' in element username
11:29:21.023 INFO Write 'admin' in element password
11:29:21.086 INFO Click login_button
11:29:22.091 INFO Store value ['some_element', 'id', 'selector_value', 'display_name'] in key element_def
11:29:22.092 INFO Random value generated: 218
11:29:23.585 INFO Write 'test_add_element_218' in element None
11:29:23.586 INFO Press key: ENTER
11:29:23.728 INFO Click None
11:29:23.967 INFO Click Add Element button
11:29:24.238 INFO Write 'some_element' in element None
11:29:24.365 INFO Write 'id' in element None
11:29:24.529 INFO Write 'selector_value' in element None
11:29:24.590 INFO Clear None element
11:29:24.733 INFO Write 'display_name' in element None
11:29:24.734 INFO Waiting for 1 seconds
11:29:25.792 INFO Click Save button
11:29:25.864 INFO Waiting for element #toast-container to not exist
11:29:30.196 INFO Refresh page
11:29:30.468 INFO Take screenshot test end
11:29:31.507 INFO Test passed
