18:34:42.493 INFO Test execution started: index.create_project
18:34:42.493 INFO Browser: chrome
18:34:42.493 INFO Environment: test
18:34:42.494 INFO Using data: 
    url: http://localhost:8000

18:34:46.941 INFO Navigate to: 'http://localhost:8000'
18:34:47.447 INFO Write 'admin' in element username
18:34:47.568 INFO Write 'admin' in element password
18:34:47.840 INFO Click login_button
18:34:54.401 INFO Click Create Project button
18:34:54.572 INFO Random value generated: twch
18:34:54.572 INFO Store value project_twch in key project_name
18:34:54.573 INFO Waiting for element ('id', 'newProjectName', 'Project Name input') to be visible
18:34:55.219 INFO Write 'project_twch' in element Project Name input
18:34:55.355 INFO Click Create button
18:34:55.510 INFO Waiting for element ('id', 'createProjectCreate', 'Create button') to be not visible
18:34:57.092 INFO Take screenshot verify the project exists in the list
18:34:58.572 INFO Take screenshot test end
18:34:59.213 INFO Close driver
18:34:59.350 INFO Test passed
