19:37:25.769 INFO Test execution started: index.create_project
19:37:25.769 INFO Browser: chrome
19:37:25.769 INFO Environment: test
19:37:25.770 INFO Using data: 
    url: http://localhost:8000

19:37:28.983 INFO Navigate to: 'http://localhost:8000'
19:37:29.293 INFO Write 'admin' in element username
19:37:29.408 INFO Write 'admin' in element password
19:37:29.475 INFO Click login_button
19:37:30.023 INFO Click Create Project button
19:37:32.367 INFO Random value generated: esnc
19:37:32.368 INFO Store value esnc in key project_name
19:37:32.368 INFO Waiting for element ('id', 'newProjectName', 'Project Name input') to be visible
19:37:32.528 INFO Write 'esnc' in element Project Name input
19:37:32.580 INFO Click Create button
19:37:32.640 INFO Waiting for element ('id', 'createProjectCreate', 'Create button') to be not visible
19:37:35.442 INFO Take screenshot verify the project exists in the list
19:37:36.389 INFO Take screenshot test end
19:37:36.703 INFO Close driver
19:37:36.767 INFO Test passed
