19:45:32.694 INFO Test execution started: index.create_project_repeated_name
19:45:32.695 INFO Browser: chrome
19:45:32.695 INFO Environment: test
19:45:32.696 INFO Using data: 
    url: http://localhost:8000

19:45:40.901 INFO Navigate to: 'http://localhost:8000'
19:45:42.232 INFO Write 'admin' in element username
19:45:42.366 INFO Write 'admin' in element password
19:45:42.465 INFO Click login_button
19:45:43.170 INFO Click Create Project button
19:45:43.251 INFO Random value generated: ouody
19:45:43.252 INFO Store value project_ouody in key project_name
19:45:43.599 INFO Write 'project_ouody' in element Project Name input
19:45:43.663 INFO Click Create button
19:45:43.764 INFO Click Create Project button
19:45:43.914 INFO Write 'project_ouody' in element Project Name input
19:45:43.946 INFO Click Create button
19:45:43.995 INFO Waiting for element ('id', 'errorModal', 'error_modal') to be visible
19:45:44.662 INFO Take screenshot verify the application shows the error message: A project with that name already exists
19:45:45.601 INFO Take screenshot test end
19:45:47.472 INFO Close driver
19:45:47.540 INFO Test passed
