13:25:27.428 INFO Test execution started: project.add_page_with_duplicated_name
13:25:27.429 INFO Browser: chrome-headless
13:25:27.430 INFO Environment: test
13:25:27.431 INFO Using data: 
    url: http://localhost:8000

13:25:32.218 INFO Navigate to: 'http://localhost:8000'
13:25:34.360 INFO Write 'admin' in element username
13:25:34.626 INFO Write 'admin' in element password
13:25:34.700 INFO Click login_button
13:25:35.374 INFO Random value generated: dioho
13:25:35.375 INFO Store value dioho in key page_name
13:25:35.866 INFO Write 'dioho' in element None
13:25:35.867 INFO Press key: ENTER
13:25:36.095 INFO Write 'dioho' in element None
13:25:36.096 INFO Press key: ENTER
13:25:36.122 INFO Waiting for element ('id', 'errorModal', 'Error modal') to be visible
13:25:36.762 INFO Take screenshot Error message is displayed
13:25:37.829 INFO Take screenshot test end
13:25:38.608 INFO Close driver
13:25:38.676 INFO Test passed
