2017-10-09 18:18:54,251 golem INFO Test execution started: project.add_page
2017-10-09 18:18:56,816 golem INFO Browser: chrome-headless
2017-10-09 18:18:56,824 golem INFO Environment: test
2017-10-09 18:18:56,824 golem INFO Using data: 
    url: http://localhost:8000

2017-10-09 18:19:13,502 golem INFO Navigate to: 'http://localhost:8000'
2017-10-09 18:19:13,552 golem DEBUG Element found
2017-10-09 18:19:14,173 golem INFO Write 'admin' in element username
2017-10-09 18:19:14,311 golem DEBUG Element found
2017-10-09 18:19:14,629 golem INFO Write 'admin' in element password
2017-10-09 18:19:14,748 golem DEBUG Element found
2017-10-09 18:19:14,805 golem INFO Click login_button
2017-10-09 18:19:19,596 golem INFO Random value generated: hyuxz
2017-10-09 18:19:19,598 golem INFO Store value hyuxz in key page_name
2017-10-09 18:19:19,764 golem DEBUG Element found
2017-10-09 18:19:20,473 golem DEBUG Element found
2017-10-09 18:19:20,789 golem INFO Write 'hyuxz' in element add input
2017-10-09 18:19:20,790 golem INFO Press key: ENTER
2017-10-09 18:19:20,800 golem DEBUG Element found
2017-10-09 18:19:22,906 golem INFO Close driver
2017-10-09 18:19:25,499 golem INFO Test passed
