2017-10-09 22:10:35,945 golem INFO Test execution started: project.add_page
2017-10-09 22:10:35,946 golem INFO Browser: chrome-headless
2017-10-09 22:10:35,946 golem INFO Environment: test
2017-10-09 22:10:35,947 golem INFO Using data: 
    url: http://localhost:8000

2017-10-09 22:10:42,826 golem INFO Navigate to: 'http://localhost:8000'
2017-10-09 22:10:42,860 golem DEBUG Element found
2017-10-09 22:10:43,059 golem INFO Write 'admin' in element username
2017-10-09 22:10:43,106 golem DEBUG Element found
2017-10-09 22:10:43,296 golem INFO Write 'admin' in element password
2017-10-09 22:10:43,344 golem DEBUG Element found
2017-10-09 22:10:43,424 golem INFO Click login_button
2017-10-09 22:10:44,130 golem INFO Random value generated: xfdko
2017-10-09 22:10:44,131 golem INFO Store value xfdko in key page_name
2017-10-09 22:10:44,202 golem DEBUG Element found
2017-10-09 22:10:44,540 golem DEBUG Element found
2017-10-09 22:10:44,587 golem DEBUG Element found
2017-10-09 22:10:44,711 golem DEBUG Element found
2017-10-09 22:10:44,811 golem INFO Write 'xfdko' in element None
2017-10-09 22:10:44,811 golem INFO Press key: ENTER
2017-10-09 22:10:44,850 golem DEBUG Element found
2017-10-09 22:10:44,895 golem DEBUG Element found
2017-10-09 22:10:44,928 golem INFO Close driver
2017-10-09 22:10:44,996 golem INFO Test passed
