2017-10-05 15:13:47,892 golem INFO Test execution started: my_account.click_login_without_username
2017-10-05 15:13:47,892 golem INFO Driver: chrome-headless
2017-10-05 15:14:08,717 golem INFO Navigate to: 'http://store.demoqa.com/'
2017-10-05 15:14:08,734 golem DEBUG Element found
2017-10-05 15:14:22,764 golem INFO Click my_account
2017-10-05 15:14:22,806 golem DEBUG Element found
2017-10-05 15:14:25,021 golem INFO Write 'some_password' in element password input
2017-10-05 15:14:25,106 golem DEBUG Element found
2017-10-05 15:14:25,306 golem INFO Click login_button
2017-10-05 15:14:25,307 golem INFO Waiting for element ('css', 'div.wpsc_loading_animation', 'loading_icon') to be not visible
2017-10-05 15:14:25,357 golem DEBUG Element found
2017-10-05 15:14:25,420 golem DEBUG Element is still visible, waiting...
2017-10-05 15:14:25,960 golem DEBUG Element is still visible, waiting...
2017-10-05 15:14:26,503 golem DEBUG Element is still visible, waiting...
2017-10-05 15:14:27,012 golem INFO Waiting for element ('css', '#ajax_loginform>p.response', 'error_message') to be visible
2017-10-05 15:14:27,057 golem DEBUG Element found
2017-10-05 15:14:27,160 golem DEBUG Element found
2017-10-05 15:14:27,205 golem INFO Verify element 'error_message' contains text 'ERROR: The username field is empty.'
2017-10-05 15:14:27,255 golem INFO Take screenshot Error message
2017-10-05 15:14:39,102 golem INFO Test passed
