13:29:00.401 INFO Test execution started: index.create_project_repeated_name
13:29:00.402 INFO Browser: chrome-headless
13:29:00.402 INFO Environment: test
13:29:00.403 INFO Using data: 
    url: http://localhost:8000

13:29:04.421 INFO Navigate to: 'http://localhost:8000'
13:29:04.534 INFO Write 'admin' in element username
13:29:04.642 INFO Write 'admin' in element password
13:29:04.685 INFO Click login_button
13:29:04.888 INFO Click Create Project button
13:29:04.931 INFO Random value generated: jebbn
13:29:04.932 INFO Store value jebbn in key project_name
13:29:05.029 INFO Write 'jebbn' in element Project Name input
13:29:05.068 INFO Click Create button
13:29:05.133 INFO Click Create Project button
13:29:05.220 INFO Write 'jebbn' in element Project Name input
13:29:05.239 INFO Click Create button
13:29:05.276 INFO Waiting for element ('id', 'errorModal', 'error_modal') to be visible
13:29:05.865 INFO Take screenshot verify the application shows the error message: A project with that name already exists
13:29:06.793 INFO Take screenshot test end
13:29:07.497 INFO Close driver
13:29:07.562 INFO Test passed
