18:18:43.577 INFO Test execution started: index.create_project_repeated_name
18:18:43.578 INFO Browser: chrome-headless
18:18:43.579 INFO Environment: test
18:18:43.579 INFO Using data: 
    url: http://localhost:8000

18:18:49.749 INFO Navigate to: 'http://localhost:8000'
18:18:51.304 INFO Write 'admin' in element username
18:18:51.556 INFO Write 'admin' in element password
18:18:51.689 INFO Click login_button
18:18:52.641 INFO Click Create Project button
18:18:52.883 INFO Random value generated: cmlze
18:18:52.884 INFO Store value cmlze in key project_name
18:18:53.312 INFO Write 'cmlze' in element Project Name input
18:18:53.406 INFO Click Create button
18:18:53.530 INFO Click Create Project button
18:18:53.676 INFO Write 'cmlze' in element Project Name input
18:18:53.706 INFO Click Create button
18:18:53.797 INFO Waiting for element ('id', 'errorModal', 'error_modal') to be visible
18:18:54.574 INFO Take screenshot verify the application shows the error message: A project with that name already exists
18:18:58.553 INFO Close driver
18:18:58.722 INFO Test passed
