2017-10-09 18:18:43,577 golem INFO Test execution started: index.create_project_repeated_name
2017-10-09 18:18:43,578 golem INFO Browser: chrome-headless
2017-10-09 18:18:43,579 golem INFO Environment: test
2017-10-09 18:18:43,579 golem INFO Using data: 
    url: http://localhost:8000

2017-10-09 18:18:49,749 golem INFO Navigate to: 'http://localhost:8000'
2017-10-09 18:18:49,856 golem DEBUG Element found
2017-10-09 18:18:51,304 golem INFO Write 'admin' in element username
2017-10-09 18:18:51,332 golem DEBUG Element found
2017-10-09 18:18:51,556 golem INFO Write 'admin' in element password
2017-10-09 18:18:51,650 golem DEBUG Element found
2017-10-09 18:18:51,689 golem INFO Click login_button
2017-10-09 18:18:52,547 golem DEBUG Element found
2017-10-09 18:18:52,641 golem INFO Click Create Project button
2017-10-09 18:18:52,883 golem INFO Random value generated: cmlze
2017-10-09 18:18:52,884 golem INFO Store value cmlze in key project_name
2017-10-09 18:18:52,987 golem DEBUG Element found
2017-10-09 18:18:53,312 golem INFO Write 'cmlze' in element Project Name input
2017-10-09 18:18:53,364 golem DEBUG Element found
2017-10-09 18:18:53,406 golem INFO Click Create button
2017-10-09 18:18:53,512 golem DEBUG Element found
2017-10-09 18:18:53,530 golem INFO Click Create Project button
2017-10-09 18:18:53,616 golem DEBUG Element found
2017-10-09 18:18:53,676 golem INFO Write 'cmlze' in element Project Name input
2017-10-09 18:18:53,686 golem DEBUG Element found
2017-10-09 18:18:53,706 golem INFO Click Create button
2017-10-09 18:18:53,797 golem INFO Waiting for element ('id', 'errorModal', 'error_modal') to be visible
2017-10-09 18:18:53,859 golem DEBUG Element found
2017-10-09 18:18:53,993 golem DEBUG Element still not visible, waiting
2017-10-09 18:18:54,574 golem INFO Take screenshot verify the application shows the error message: A project with that name already exists
2017-10-09 18:18:58,553 golem INFO Close driver
2017-10-09 18:18:58,722 golem INFO Test passed
