10:13:51.919 INFO Test execution started: index.create_project
10:13:51.920 INFO Browser: chrome
10:13:51.920 INFO Environment: test
10:13:51.920 INFO Using data: 
    url: http://localhost:8000

10:13:54.693 INFO Navigate to: 'http://localhost:8000'
10:13:54.902 INFO Write 'admin' in element username
10:13:55.055 INFO Write 'admin' in element password
10:13:55.122 INFO Click login_button
10:13:55.534 INFO Click Create Project button
10:13:55.614 INFO Random value generated: loqf
10:13:55.615 INFO Store value loqf in key project_name
10:13:55.615 INFO Waiting for element ('id', 'newProjectName', 'Project Name input') to be visible
10:13:56.057 INFO Write 'loqf' in element Project Name input
10:13:56.207 INFO Click Create button
10:13:59.307 INFO Waiting for element ('id', 'createProjectCreate', 'Create button') to be not visible
10:14:01.101 INFO Take screenshot verify the project exists in the list
10:14:02.511 INFO Take screenshot test end
10:14:05.054 INFO Close driver
10:14:05.122 INFO Test passed
