16:32:31.075 INFO Test execution started: project.add_page_with_duplicated_name
16:32:31.075 INFO Browser: chrome
16:32:31.076 INFO Environment: test
16:32:31.076 INFO Using data: 
    url: http://localhost:8000

16:32:37.677 INFO Navigate to: 'http://localhost:8000'
16:32:38.086 INFO Write 'admin' in element username
16:32:38.321 INFO Write 'admin' in element password
16:32:38.507 INFO Click login_button
16:32:40.535 INFO Random value generated: jpkut
16:32:40.536 INFO Store value jpkut in key page_name
16:32:40.762 INFO Click None
16:32:41.030 INFO Write 'jpkut' in element None
16:32:41.031 INFO Press key: ENTER
16:32:41.159 INFO Click None
16:32:41.284 INFO Write 'jpkut' in element None
16:32:41.284 INFO Press key: ENTER
16:32:41.312 INFO Waiting for element ('id', 'errorModal', 'Error modal') to be visible
16:32:42.370 INFO Take screenshot Error message is displayed
16:32:48.594 INFO Take screenshot test end
16:32:52.423 INFO Close driver
16:32:52.546 INFO Test passed
