10:16:36.123 INFO Test execution started: index.create_project
10:16:36.124 INFO Browser: chrome
10:16:36.124 INFO Environment: test
10:16:36.124 INFO Using data: 
    url: http://localhost:8000

10:16:39.070 INFO Navigate to: 'http://localhost:8000'
10:16:39.378 INFO Write 'admin' in element username
10:16:39.541 INFO Write 'admin' in element password
10:16:39.643 INFO Click login_button
10:16:40.022 INFO Click Create Project button
10:16:40.087 INFO Random value generated: ptpc
10:16:40.088 INFO Store value ptpc in key project_name
10:16:40.089 INFO Waiting for element ('id', 'newProjectName', 'Project Name input') to be visible
10:16:40.511 INFO Write 'ptpc' in element Project Name input
10:16:40.583 INFO Click Create button
10:16:43.289 INFO Waiting for element ('id', 'createProjectCreate', 'Create button') to be not visible
10:16:46.949 INFO Take screenshot verify the project exists in the list
10:16:48.658 INFO Take screenshot test end
10:16:49.009 INFO Close driver
10:16:49.077 INFO Test passed
