2017-10-09 22:10:45,894 golem INFO Test execution started: project.add_page_with_duplicated_name
2017-10-09 22:10:45,896 golem INFO Browser: chrome-headless
2017-10-09 22:10:45,897 golem INFO Environment: test
2017-10-09 22:10:45,898 golem INFO Using data: 
    url: http://localhost:8000

2017-10-09 22:10:53,689 golem INFO Navigate to: 'http://localhost:8000'
2017-10-09 22:10:53,742 golem DEBUG Element found
2017-10-09 22:10:53,980 golem INFO Write 'admin' in element username
2017-10-09 22:10:54,026 golem DEBUG Element found
2017-10-09 22:10:54,203 golem INFO Write 'admin' in element password
2017-10-09 22:10:54,254 golem DEBUG Element found
2017-10-09 22:10:54,293 golem INFO Click login_button
2017-10-09 22:10:54,980 golem INFO Random value generated: ocfnp
2017-10-09 22:10:54,981 golem INFO Store value ocfnp in key page_name
2017-10-09 22:10:55,025 golem DEBUG Element found
2017-10-09 22:10:55,132 golem DEBUG Element still not visible, waiting
2017-10-09 22:10:55,679 golem DEBUG Element found
2017-10-09 22:10:55,739 golem DEBUG Element found
2017-10-09 22:10:55,876 golem DEBUG Element found
2017-10-09 22:10:55,967 golem INFO Write 'ocfnp' in element None
2017-10-09 22:10:55,968 golem INFO Press key: ENTER
2017-10-09 22:10:56,001 golem DEBUG Element found
2017-10-09 22:10:56,029 golem DEBUG Element found
2017-10-09 22:10:56,056 golem DEBUG Element found
2017-10-09 22:10:56,135 golem DEBUG Element found
2017-10-09 22:10:56,190 golem INFO Write 'ocfnp' in element None
2017-10-09 22:10:56,191 golem INFO Press key: ENTER
2017-10-09 22:10:56,209 golem INFO Waiting for element ('id', 'errorModal', 'Error modal') to be visible
2017-10-09 22:10:56,238 golem DEBUG Element found
2017-10-09 22:10:56,260 golem DEBUG Element still not visible, waiting
2017-10-09 22:10:56,843 golem INFO Close driver
2017-10-09 22:10:56,910 golem INFO Test passed
