2017-10-09 22:10:35,895 golem INFO Test execution started: project.add_directory_to_pages
2017-10-09 22:10:35,896 golem INFO Browser: chrome-headless
2017-10-09 22:10:35,897 golem INFO Environment: test
2017-10-09 22:10:35,898 golem INFO Using data: 
    url: http://localhost:8000

2017-10-09 22:10:42,836 golem INFO Navigate to: 'http://localhost:8000'
2017-10-09 22:10:42,871 golem DEBUG Element found
2017-10-09 22:10:43,058 golem INFO Write 'admin' in element username
2017-10-09 22:10:43,118 golem DEBUG Element found
2017-10-09 22:10:43,303 golem INFO Write 'admin' in element password
2017-10-09 22:10:43,336 golem DEBUG Element found
2017-10-09 22:10:43,407 golem INFO Click login_button
2017-10-09 22:10:44,116 golem INFO Random value generated: pipjd
2017-10-09 22:10:44,117 golem INFO Store value pipjd in key directory_name
2017-10-09 22:10:44,225 golem DEBUG Element found
2017-10-09 22:10:44,504 golem DEBUG Element found
2017-10-09 22:10:44,572 golem DEBUG Element found
2017-10-09 22:10:44,711 golem DEBUG Element found
2017-10-09 22:10:44,817 golem INFO Write 'pipjd/' in element None
2017-10-09 22:10:44,818 golem INFO Press key: ENTER
2017-10-09 22:10:44,859 golem DEBUG Element found
2017-10-09 22:10:44,903 golem DEBUG Element found
2017-10-09 22:10:44,936 golem INFO Close driver
2017-10-09 22:10:45,002 golem INFO Test passed
