11:41:31.613 INFO Test execution started: index.create_project_repeated_name
11:41:31.613 INFO Browser: chrome
11:41:31.614 INFO Environment: test
11:41:31.614 INFO Using data: 
    url: http://localhost:8000

11:41:37.884 INFO Navigate to: 'http://localhost:8000'
11:41:38.093 INFO Write 'admin' in element username
11:41:38.322 INFO Write 'admin' in element password
11:41:38.458 INFO Click login_button
11:41:38.997 INFO Click Create Project button
11:41:39.083 INFO Random value generated: zclwt
11:41:39.083 INFO Store value project_zclwt in key project_name
11:41:39.313 INFO Write 'project_zclwt' in element Project Name input
11:41:39.403 INFO Click Create button
11:41:39.592 INFO Click Create Project button
11:41:39.779 INFO Write 'project_zclwt' in element Project Name input
11:41:39.809 INFO Click Create button
11:41:39.857 INFO Waiting for element ('id', 'errorModal', 'error_modal') to be visible
11:41:40.509 INFO Take screenshot verify the application shows the error message: A project with that name already exists
11:41:41.756 INFO Take screenshot test end
11:41:44.175 INFO Close driver
11:41:44.242 INFO Test passed
