2017-10-10 23:24:39,975 golem INFO Test execution started: index.create_project_repeated_name
2017-10-10 23:24:39,991 golem INFO Browser: chrome-headless
2017-10-10 23:24:39,992 golem INFO Environment: test
2017-10-10 23:24:39,993 golem INFO Using data: 
    url: http://localhost:8000

2017-10-10 23:24:45,771 golem INFO Navigate to: 'http://localhost:8000'
2017-10-10 23:24:45,863 golem DEBUG Element found
2017-10-10 23:24:46,196 golem INFO Write 'admin' in element username
2017-10-10 23:24:46,285 golem DEBUG Element found
2017-10-10 23:24:46,499 golem INFO Write 'admin' in element password
2017-10-10 23:24:46,572 golem DEBUG Element found
2017-10-10 23:24:46,621 golem INFO Click login_button
2017-10-10 23:24:47,232 golem DEBUG Element found
2017-10-10 23:24:47,407 golem INFO Click Create Project button
2017-10-10 23:24:47,548 golem INFO Random value generated: vfgvw
2017-10-10 23:24:47,548 golem INFO Store value vfgvw in key project_name
2017-10-10 23:24:47,588 golem DEBUG Element found
2017-10-10 23:24:47,769 golem INFO Write 'vfgvw' in element Project Name input
2017-10-10 23:24:47,822 golem DEBUG Element found
2017-10-10 23:24:47,871 golem INFO Click Create button
2017-10-10 23:24:48,014 golem DEBUG Element found
2017-10-10 23:24:48,033 golem INFO Click Create Project button
2017-10-10 23:24:48,187 golem DEBUG Element found
2017-10-10 23:24:48,266 golem INFO Write 'vfgvw' in element Project Name input
2017-10-10 23:24:48,275 golem DEBUG Element found
2017-10-10 23:24:48,291 golem INFO Click Create button
2017-10-10 23:24:48,411 golem INFO Waiting for element ('id', 'errorModal', 'error_modal') to be visible
2017-10-10 23:24:48,450 golem DEBUG Element found
2017-10-10 23:24:48,495 golem DEBUG Element still not visible, waiting
2017-10-10 23:24:49,075 golem INFO Take screenshot verify the application shows the error message: A project with that name already exists
2017-10-10 23:24:50,347 golem INFO Close driver
2017-10-10 23:24:50,420 golem INFO Test passed
