23:24:39.975 INFO Test execution started: index.create_project_repeated_name
23:24:39.991 INFO Browser: chrome-headless
23:24:39.992 INFO Environment: test
23:24:39.993 INFO Using data: 
    url: http://localhost:8000

23:24:45.771 INFO Navigate to: 'http://localhost:8000'
23:24:46.196 INFO Write 'admin' in element username
23:24:46.499 INFO Write 'admin' in element password
23:24:46.621 INFO Click login_button
23:24:47.407 INFO Click Create Project button
23:24:47.548 INFO Random value generated: vfgvw
23:24:47.548 INFO Store value vfgvw in key project_name
23:24:47.769 INFO Write 'vfgvw' in element Project Name input
23:24:47.871 INFO Click Create button
23:24:48.033 INFO Click Create Project button
23:24:48.266 INFO Write 'vfgvw' in element Project Name input
23:24:48.291 INFO Click Create button
23:24:48.411 INFO Waiting for element ('id', 'errorModal', 'error_modal') to be visible
23:24:49.075 INFO Take screenshot verify the application shows the error message: A project with that name already exists
23:24:50.347 INFO Close driver
23:24:50.420 INFO Test passed
