2017-09-29 00:29:41,403 golem INFO Test execution started: checkout.checkout_initially_empty
2017-09-29 00:29:41,403 golem INFO Driver: chrome-headless
2017-09-29 00:29:54,091 golem INFO Navigate to: 'http://store.demoqa.com/'
2017-09-29 00:29:56,052 golem INFO Click go_to_checkout
2017-09-29 00:29:56,086 golem INFO Verify element 'items_container' contains text 'Oops, there is nothing in your cart.'
2017-09-29 00:29:56,104 golem INFO Take screenshot There are no items in the checkout page
2017-09-29 00:29:56,521 golem INFO Test passed
2017-09-29 00:29:56,523 golem INFO Test execution started: my_account.login_with_invalid_credentials
2017-09-29 00:29:56,523 golem INFO Driver: chrome-headless
2017-09-29 00:30:07,689 golem INFO Navigate to: 'http://store.demoqa.com/'
2017-09-29 00:30:09,491 golem INFO Click my_account
2017-09-29 00:30:09,590 golem INFO Write 'my_username' in element username input
2017-09-29 00:30:09,682 golem INFO Write 'some_password' in element password input
2017-09-29 00:30:09,753 golem INFO Click login_button
2017-09-29 00:30:09,754 golem INFO Waiting for element ('css', 'div.wpsc_loading_animation', 'loading_icon') to be not visible
2017-09-29 00:30:09,794 golem DEBUG Element is still visible, waiting..
2017-09-29 00:30:10,303 golem DEBUG Element is still visible, waiting..
2017-09-29 00:30:10,813 golem DEBUG Element is still visible, waiting..
2017-09-29 00:30:11,320 golem INFO Waiting for element ('css', '#ajax_loginform>p.response', 'error_message') to be visible
2017-09-29 00:30:11,365 golem INFO Verify element 'error_message' contains text 'ERROR: Invalid login credentials.'
2017-09-29 00:30:11,381 golem INFO Take screenshot Error message
2017-09-29 00:30:11,782 golem INFO Test passed
