11:41:54.600 INFO Test execution started: page_builder.add_element_to_page
11:41:54.601 INFO Browser: chrome
11:41:54.602 INFO Environment: test
11:41:54.602 INFO Using data: 
    url: http://localhost:8000

11:41:58.209 INFO Navigate to: 'http://localhost:8000'
11:41:58.774 INFO Write 'admin' in element username
11:41:58.917 INFO Write 'admin' in element password
11:41:58.981 INFO Click login_button
11:42:02.424 INFO Store value ['some_element', 'id', 'selector_value', 'display_name'] in key element_def
11:42:02.425 INFO Random value generated: 180
11:42:04.154 INFO Write 'test_add_element_180' in element None
11:42:04.154 INFO Press key: ENTER
11:42:04.323 INFO Click None
11:42:04.556 INFO Click Add Element button
11:42:04.791 INFO Write 'some_element' in element None
11:42:04.905 INFO Write 'id' in element None
11:42:05.070 INFO Write 'selector_value' in element None
11:42:05.132 INFO Clear None element
11:42:05.293 INFO Write 'display_name' in element None
11:42:05.294 INFO Waiting for 1 seconds
11:42:06.354 INFO Click Save button
11:42:06.436 INFO Waiting for element #toast-container to not exist
11:42:10.804 INFO Refresh page
11:42:11.119 INFO Take screenshot test end
11:42:12.093 INFO Test passed
