2017-10-09 22:10:19,485 golem INFO Test execution started: index.create_project_repeated_name
2017-10-09 22:10:19,486 golem INFO Browser: chrome-headless
2017-10-09 22:10:19,486 golem INFO Environment: test
2017-10-09 22:10:19,486 golem INFO Using data: 
    url: http://localhost:8000

2017-10-09 22:10:23,214 golem INFO Navigate to: 'http://localhost:8000'
2017-10-09 22:10:23,242 golem DEBUG Element found
2017-10-09 22:10:23,380 golem INFO Write 'admin' in element username
2017-10-09 22:10:23,422 golem DEBUG Element found
2017-10-09 22:10:23,563 golem INFO Write 'admin' in element password
2017-10-09 22:10:23,595 golem DEBUG Element found
2017-10-09 22:10:23,636 golem INFO Click login_button
2017-10-09 22:10:23,894 golem DEBUG Element found
2017-10-09 22:10:23,918 golem INFO Click Create Project button
2017-10-09 22:10:23,981 golem INFO Random value generated: iowqy
2017-10-09 22:10:23,982 golem INFO Store value iowqy in key project_name
2017-10-09 22:10:24,005 golem DEBUG Element found
2017-10-09 22:10:24,097 golem INFO Write 'iowqy' in element Project Name input
2017-10-09 22:10:24,121 golem DEBUG Element found
2017-10-09 22:10:24,149 golem INFO Click Create button
2017-10-09 22:10:24,223 golem DEBUG Element found
2017-10-09 22:10:24,238 golem INFO Click Create Project button
2017-10-09 22:10:24,276 golem DEBUG Element found
2017-10-09 22:10:24,308 golem INFO Write 'iowqy' in element Project Name input
2017-10-09 22:10:24,313 golem DEBUG Element found
2017-10-09 22:10:24,323 golem INFO Click Create button
2017-10-09 22:10:24,352 golem INFO Waiting for element ('id', 'errorModal', 'error_modal') to be visible
2017-10-09 22:10:24,371 golem DEBUG Element found
2017-10-09 22:10:24,386 golem DEBUG Element still not visible, waiting
2017-10-09 22:10:24,933 golem INFO Take screenshot verify the application shows the error message: A project with that name already exists
2017-10-09 22:10:25,731 golem INFO Close driver
2017-10-09 22:10:25,797 golem INFO Test passed
