16:31:16.062 INFO Test execution started: index.create_project_repeated_name
16:31:16.063 INFO Browser: chrome
16:31:16.063 INFO Environment: test
16:31:16.064 INFO Using data: 
    url: http://localhost:8000

16:31:20.432 INFO Navigate to: 'http://localhost:8000'
16:31:26.593 INFO Write 'admin' in element username
16:31:26.790 INFO Write 'admin' in element password
16:31:26.888 INFO Click login_button
16:31:28.134 INFO Click Create Project button
16:31:33.349 INFO Random value generated: ewnbr
16:31:33.350 INFO Store value ewnbr in key project_name
16:31:33.493 INFO Write 'ewnbr' in element Project Name input
16:31:33.595 INFO Click Create button
16:31:41.951 INFO Click Create Project button
16:31:42.179 INFO Write 'ewnbr' in element Project Name input
16:31:42.210 INFO Click Create button
16:31:42.272 INFO Waiting for element ('id', 'errorModal', 'error_modal') to be visible
16:31:42.975 INFO Take screenshot verify the application shows the error message: A project with that name already exists
16:31:44.646 INFO Take screenshot test end
16:31:45.154 INFO Close driver
16:31:45.274 INFO Test passed
