2017-10-10 23:24:39,964 golem INFO Test execution started: index.create_project_name_too_short
2017-10-10 23:24:39,965 golem INFO Browser: chrome-headless
2017-10-10 23:24:39,965 golem INFO Environment: test
2017-10-10 23:24:39,966 golem INFO Using data: 
    url: http://localhost:8000

2017-10-10 23:24:45,176 golem INFO Navigate to: 'http://localhost:8000'
2017-10-10 23:24:45,218 golem DEBUG Element found
2017-10-10 23:24:45,530 golem INFO Write 'admin' in element username
2017-10-10 23:24:45,587 golem DEBUG Element found
2017-10-10 23:24:45,776 golem INFO Write 'admin' in element password
2017-10-10 23:24:45,925 golem DEBUG Element found
2017-10-10 23:24:46,161 golem INFO Click login_button
2017-10-10 23:24:46,760 golem DEBUG Element found
2017-10-10 23:24:46,819 golem INFO Click Create Project button
2017-10-10 23:24:46,959 golem INFO Random value generated: wi
2017-10-10 23:24:46,960 golem INFO Store value wi in key project_name
2017-10-10 23:24:47,034 golem DEBUG Element found
2017-10-10 23:24:47,359 golem INFO Write 'wi' in element Project Name input
2017-10-10 23:24:47,439 golem DEBUG Element found
2017-10-10 23:24:47,505 golem INFO Click Create button
2017-10-10 23:24:47,635 golem INFO Waiting for element ('id', 'errorModal', 'error_modal') to be visible
2017-10-10 23:24:47,693 golem DEBUG Element found
2017-10-10 23:24:47,730 golem DEBUG Element still not visible, waiting
2017-10-10 23:24:48,307 golem INFO Take screenshot verify the application shows the error message: Project name is too short
2017-10-10 23:24:49,517 golem INFO Close driver
2017-10-10 23:24:49,590 golem INFO Test passed
