19:47:11.755 INFO Test execution started: suite_builder.save_suite
19:47:11.755 INFO Browser: chrome
19:47:11.756 INFO Environment: test
19:47:11.757 INFO Using data: 
    url: http://localhost:8000

19:47:15.817 INFO Navigate to: 'http://localhost:8000'
19:47:16.256 INFO Write 'admin' in element username
19:47:16.482 INFO Write 'admin' in element password
19:47:16.605 INFO Click login_button
19:47:19.423 INFO Random value generated: 860
19:47:23.145 INFO Write 'test_save_suite860' in element None
19:47:23.146 INFO Press key: ENTER
19:47:23.479 INFO Click None
19:47:27.182 INFO Clear Workers input element
19:47:27.437 INFO Write '3' in element Workers input
19:47:27.438 INFO Waiting for 1 seconds
19:47:28.504 INFO Click Save button
19:47:28.589 INFO Waiting for element #toast-container to not exist
19:47:36.595 INFO Refresh page
19:47:36.776 INFO Take screenshot test end
19:47:38.643 INFO Close driver
19:47:38.714 INFO Test passed
