16:32:43.040 INFO Test execution started: project.add_page_with_duplicated_name
16:32:43.041 INFO Browser: firefox
16:32:43.041 INFO Environment: test
16:32:43.042 INFO Using data: 
    url: http://localhost:8000

16:33:00.363 INFO Navigate to: 'http://localhost:8000'
16:33:00.483 INFO Write 'admin' in element username
16:33:00.555 INFO Write 'admin' in element password
16:33:00.594 INFO Click login_button
16:33:02.361 INFO Random value generated: efxir
16:33:02.364 INFO Store value efxir in key page_name
16:33:02.830 INFO Click None
16:33:03.150 INFO Write 'efxir' in element None
16:33:03.152 INFO Press key: ENTER
16:33:03.291 INFO Click None
16:33:03.674 INFO Write 'efxir' in element None
16:33:03.675 INFO Press key: ENTER
16:33:03.763 INFO Waiting for element ('id', 'errorModal', 'Error modal') to be visible
16:33:04.327 INFO Take screenshot Error message is displayed
16:33:04.688 INFO Take screenshot test end
16:33:04.927 INFO Close driver
16:33:05.098 INFO Test passed
