2017-10-05 15:14:39,537 golem INFO Test execution started: my_account.login_with_invalid_credentials
2017-10-05 15:14:39,537 golem INFO Driver: chrome-headless
2017-10-05 15:14:58,420 golem INFO Navigate to: 'http://store.demoqa.com/'
2017-10-05 15:14:58,436 golem DEBUG Element found
2017-10-05 15:14:58,499 golem INFO Click my_account
2017-10-05 15:15:06,590 golem DEBUG Element found
2017-10-05 15:15:07,936 golem INFO Write 'my_username' in element username input
2017-10-05 15:15:07,953 golem DEBUG Element found
2017-10-05 15:15:09,507 golem INFO Write 'some_password' in element password input
2017-10-05 15:15:09,522 golem DEBUG Element found
2017-10-05 15:15:09,581 golem INFO Click login_button
2017-10-05 15:15:09,581 golem INFO Waiting for element ('css', 'div.wpsc_loading_animation', 'loading_icon') to be not visible
2017-10-05 15:15:09,596 golem DEBUG Element found
2017-10-05 15:15:09,621 golem DEBUG Element is still visible, waiting...
2017-10-05 15:15:10,128 golem DEBUG Element is still visible, waiting...
2017-10-05 15:15:10,634 golem DEBUG Element is still visible, waiting...
2017-10-05 15:15:11,140 golem INFO Waiting for element ('css', '#ajax_loginform>p.response', 'error_message') to be visible
2017-10-05 15:15:11,157 golem DEBUG Element found
2017-10-05 15:15:11,176 golem DEBUG Element still not visible, waiting
2017-10-05 15:15:11,700 golem DEBUG Element found
2017-10-05 15:15:11,713 golem INFO Verify element 'error_message' contains text 'ERROR: Invalid login credentials.'
2017-10-05 15:15:11,730 golem INFO Take screenshot Error message
2017-10-05 15:15:12,588 golem INFO Test passed
