18:34:49.977 INFO Test execution started: page_builder.add_element_to_page
18:34:49.977 INFO Browser: chrome
18:34:49.978 INFO Environment: test
18:34:49.978 INFO Using data: 
    url: http://localhost:8000

18:34:58.587 INFO Navigate to: 'http://localhost:8000'
18:34:58.743 INFO Write 'admin' in element username
18:34:58.875 INFO Write 'admin' in element password
18:34:58.936 INFO Click login_button
18:35:02.629 INFO Store value ['some_element', 'id', 'selector_value', 'display_name'] in key element_def
18:35:02.630 INFO Random value generated: 534
18:35:04.372 INFO Write 'test_add_element_534' in element None
18:35:04.373 INFO Press key: ENTER
18:35:05.275 INFO Click None
18:35:05.588 INFO Click Add Element button
18:35:08.784 INFO Write 'some_element' in element None
18:35:09.220 INFO Write 'id' in element None
18:35:09.439 INFO Write 'selector_value' in element None
18:35:09.633 INFO Clear None element
18:35:09.897 INFO Write 'display_name' in element None
18:35:09.897 INFO Waiting for 1 seconds
18:35:10.963 INFO Click Save button
18:35:11.047 INFO Waiting for element #toast-container to not exist
18:35:15.623 INFO Refresh page
18:35:16.128 INFO Take screenshot test end
18:35:17.337 INFO Test passed
