2017-10-09 18:18:58,604 golem INFO Test execution started: project.add_page_with_duplicated_name
2017-10-09 18:18:58,605 golem INFO Browser: chrome-headless
2017-10-09 18:18:58,605 golem INFO Environment: test
2017-10-09 18:18:58,606 golem INFO Using data: 
    url: http://localhost:8000

2017-10-09 18:19:13,032 golem INFO Navigate to: 'http://localhost:8000'
2017-10-09 18:19:13,184 golem DEBUG Element found
2017-10-09 18:19:13,610 golem INFO Write 'admin' in element username
2017-10-09 18:19:13,921 golem DEBUG Element found
2017-10-09 18:19:14,256 golem INFO Write 'admin' in element password
2017-10-09 18:19:14,357 golem DEBUG Element found
2017-10-09 18:19:14,453 golem INFO Click login_button
2017-10-09 18:19:18,904 golem INFO Random value generated: hvnwz
2017-10-09 18:19:18,905 golem INFO Store value hvnwz in key page_name
2017-10-09 18:19:19,074 golem DEBUG Element found
2017-10-09 18:19:19,674 golem DEBUG Element found
2017-10-09 18:19:20,143 golem INFO Write 'hvnwz' in element add input
2017-10-09 18:19:20,144 golem INFO Press key: ENTER
2017-10-09 18:19:20,157 golem DEBUG Element found
2017-10-09 18:19:20,314 golem DEBUG Element found
2017-10-09 18:19:20,446 golem DEBUG Element found
2017-10-09 18:19:20,596 golem INFO Write 'hvnwz' in element add input
2017-10-09 18:19:20,596 golem INFO Press key: ENTER
2017-10-09 18:19:20,608 golem DEBUG Element found
2017-10-09 18:19:20,675 golem INFO Waiting for element ('id', 'errorModal', 'Error modal') to be visible
2017-10-09 18:19:20,723 golem DEBUG Element found
2017-10-09 18:19:20,825 golem DEBUG Element still not visible, waiting
2017-10-09 18:19:21,443 golem INFO Close driver
2017-10-09 18:19:21,528 golem INFO Test passed
