16:31:20.647 INFO Test execution started: index.create_project_repeated_name
16:31:20.648 INFO Browser: firefox
16:31:20.648 INFO Environment: test
16:31:20.649 INFO Using data: 
    url: http://localhost:8000

16:31:31.632 INFO Navigate to: 'http://localhost:8000'
16:31:31.732 INFO Write 'admin' in element username
16:31:31.829 INFO Write 'admin' in element password
16:31:31.891 INFO Click login_button
16:31:32.356 INFO Click Create Project button
16:31:32.593 INFO Random value generated: flawi
16:31:32.594 INFO Store value flawi in key project_name
16:31:32.650 INFO Write 'flawi' in element Project Name input
16:31:32.677 INFO Click Create button
16:31:33.161 INFO Click Create Project button
16:31:33.429 INFO Write 'flawi' in element Project Name input
16:31:33.453 INFO Click Create button
16:31:33.683 INFO Waiting for element ('id', 'errorModal', 'error_modal') to be visible
16:31:33.731 INFO Take screenshot verify the application shows the error message: A project with that name already exists
16:31:34.272 INFO Take screenshot test end
16:31:37.530 INFO Close driver
16:31:37.763 INFO Test passed
