2017-10-09 22:04:36,118 golem INFO Test execution started: index.create_project_missing_name
2017-10-09 22:04:36,119 golem INFO Browser: chrome-headless
2017-10-09 22:04:36,119 golem INFO Environment: test
2017-10-09 22:04:36,120 golem INFO Using data: 
    url: http://localhost:8000

2017-10-09 22:04:40,840 golem INFO Navigate to: 'http://localhost:8000'
2017-10-09 22:04:40,870 golem DEBUG Element found
2017-10-09 22:04:41,042 golem INFO Write 'admin' in element username
2017-10-09 22:04:41,084 golem DEBUG Element found
2017-10-09 22:04:41,291 golem INFO Write 'admin' in element password
2017-10-09 22:04:41,321 golem DEBUG Element found
2017-10-09 22:04:41,368 golem INFO Click login_button
2017-10-09 22:04:41,627 golem DEBUG Element found
2017-10-09 22:04:41,657 golem INFO Click Create Project button
2017-10-09 22:04:41,758 golem DEBUG Element found
2017-10-09 22:04:41,799 golem INFO Click Create button
2017-10-09 22:04:41,892 golem INFO Waiting for element ('id', 'errorModal', 'error_modal') to be visible
2017-10-09 22:04:41,920 golem DEBUG Element found
2017-10-09 22:04:41,942 golem DEBUG Element still not visible, waiting
2017-10-09 22:04:42,502 golem INFO Take screenshot verify the application shows the error message: Project name is too short
2017-10-09 22:04:43,427 golem INFO Close driver
2017-10-09 22:04:43,491 golem INFO Test passed
