19:45:23.300 INFO Test execution started: index.create_project
19:45:23.300 INFO Browser: chrome
19:45:23.301 INFO Environment: test
19:45:23.301 INFO Using data: 
    url: http://localhost:8000

19:45:26.073 INFO Navigate to: 'http://localhost:8000'
19:45:26.891 INFO Write 'admin' in element username
19:45:27.027 INFO Write 'admin' in element password
19:45:27.130 INFO Click login_button
19:45:27.476 INFO Click Create Project button
19:45:27.550 INFO Random value generated: vvtq
19:45:27.550 INFO Store value project_vvtq in key project_name
19:45:27.551 INFO Waiting for element ('id', 'newProjectName', 'Project Name input') to be visible
19:45:27.754 INFO Write 'project_vvtq' in element Project Name input
19:45:27.814 INFO Click Create button
19:45:27.895 INFO Waiting for element ('id', 'createProjectCreate', 'Create button') to be not visible
19:45:29.463 INFO Take screenshot verify the project exists in the list
19:45:31.177 INFO Take screenshot test end
19:45:32.044 INFO Close driver
19:45:32.120 INFO Test passed
