2017-10-09 22:04:36,489 golem INFO Test execution started: index.create_project_name_too_short
2017-10-09 22:04:36,489 golem INFO Browser: chrome-headless
2017-10-09 22:04:36,489 golem INFO Environment: test
2017-10-09 22:04:36,489 golem INFO Using data: 
    url: http://localhost:8000

2017-10-09 22:04:40,904 golem INFO Navigate to: 'http://localhost:8000'
2017-10-09 22:04:40,956 golem DEBUG Element found
2017-10-09 22:04:41,170 golem INFO Write 'admin' in element username
2017-10-09 22:04:41,198 golem DEBUG Element found
2017-10-09 22:04:41,305 golem INFO Write 'admin' in element password
2017-10-09 22:04:41,331 golem DEBUG Element found
2017-10-09 22:04:41,363 golem INFO Click login_button
2017-10-09 22:04:41,606 golem DEBUG Element found
2017-10-09 22:04:41,632 golem INFO Click Create Project button
2017-10-09 22:04:41,706 golem INFO Random value generated: up
2017-10-09 22:04:41,707 golem INFO Store value up in key project_name
2017-10-09 22:04:41,733 golem DEBUG Element found
2017-10-09 22:04:41,823 golem INFO Write 'up' in element Project Name input
2017-10-09 22:04:41,848 golem DEBUG Element found
2017-10-09 22:04:41,875 golem INFO Click Create button
2017-10-09 22:04:41,952 golem INFO Waiting for element ('id', 'errorModal', 'error_modal') to be visible
2017-10-09 22:04:41,973 golem DEBUG Element found
2017-10-09 22:04:41,996 golem DEBUG Element still not visible, waiting
2017-10-09 22:04:42,549 golem INFO Take screenshot verify the application shows the error message: Project name is too short
2017-10-09 22:04:43,448 golem INFO Close driver
2017-10-09 22:04:43,511 golem INFO Test passed
