13:28:37.141 INFO Test execution started: index.create_project
13:28:37.141 INFO Browser: chrome-headless
13:28:37.141 INFO Environment: test
13:28:37.141 INFO Using data: 
    url: http://localhost:8000

13:28:41.140 INFO Navigate to: 'http://localhost:8000'
13:28:41.264 INFO Write 'admin' in element username
13:28:41.381 INFO Write 'admin' in element password
13:28:41.421 INFO Click login_button
13:28:41.619 INFO Click Create Project button
13:28:41.665 INFO Random value generated: kjcv
13:28:41.665 INFO Store value kjcv in key project_name
13:28:41.665 INFO Waiting for element ('id', 'newProjectName', 'Project Name input') to be visible
13:28:41.770 INFO Write 'kjcv' in element Project Name input
13:28:41.807 INFO Click Create button
13:28:41.852 INFO Waiting for element ('id', 'createProjectCreate', 'Create button') to be not visible
13:28:43.400 INFO Take screenshot verify the project exists in the list
13:28:44.279 INFO Take screenshot test end
13:28:44.933 INFO Close driver
13:28:44.995 INFO Test passed
