2017-10-09 22:10:19,069 golem INFO Test execution started: index.create_project
2017-10-09 22:10:19,069 golem INFO Browser: chrome-headless
2017-10-09 22:10:19,070 golem INFO Environment: test
2017-10-09 22:10:19,070 golem INFO Using data: 
    url: http://localhost:8000

2017-10-09 22:10:23,201 golem INFO Navigate to: 'http://localhost:8000'
2017-10-09 22:10:23,229 golem DEBUG Element found
2017-10-09 22:10:23,360 golem INFO Write 'admin' in element username
2017-10-09 22:10:23,392 golem DEBUG Element found
2017-10-09 22:10:23,510 golem INFO Write 'admin' in element password
2017-10-09 22:10:23,544 golem DEBUG Element found
2017-10-09 22:10:23,591 golem INFO Click login_button
2017-10-09 22:10:23,869 golem DEBUG Element found
2017-10-09 22:10:23,897 golem INFO Click Create Project button
2017-10-09 22:10:23,963 golem INFO Random value generated: cogh
2017-10-09 22:10:23,964 golem INFO Store value cogh in key project_name
2017-10-09 22:10:23,964 golem INFO Waiting for element ('id', 'newProjectName', 'Project Name input') to be visible
2017-10-09 22:10:23,990 golem DEBUG Element found
2017-10-09 22:10:24,045 golem DEBUG Element found
2017-10-09 22:10:24,120 golem INFO Write 'cogh' in element Project Name input
2017-10-09 22:10:24,142 golem DEBUG Element found
2017-10-09 22:10:24,175 golem INFO Click Create button
2017-10-09 22:10:24,248 golem INFO Waiting for element ('id', 'createProjectCreate', 'Create button') to be not visible
2017-10-09 22:10:24,259 golem DEBUG Element found
2017-10-09 22:10:24,269 golem DEBUG Element still not visible, waiting
2017-10-09 22:10:24,775 golem DEBUG Element still not visible, waiting
2017-10-09 22:10:25,283 golem DEBUG Element still not visible, waiting
2017-10-09 22:10:25,799 golem DEBUG Element not visible, continuing anyway
2017-10-09 22:10:25,807 golem INFO Take screenshot verify the project exists in the list
2017-10-09 22:10:26,763 golem INFO Close driver
2017-10-09 22:10:26,835 golem INFO Test passed
