2017-10-09 22:05:01,308 golem INFO Test execution started: project.add_page
2017-10-09 22:05:01,309 golem INFO Browser: chrome-headless
2017-10-09 22:05:01,309 golem INFO Environment: test
2017-10-09 22:05:01,310 golem INFO Using data: 
    url: http://localhost:8000

2017-10-09 22:05:08,060 golem INFO Navigate to: 'http://localhost:8000'
2017-10-09 22:05:08,088 golem DEBUG Element found
2017-10-09 22:05:08,210 golem INFO Write 'admin' in element username
2017-10-09 22:05:08,242 golem DEBUG Element found
2017-10-09 22:05:08,369 golem INFO Write 'admin' in element password
2017-10-09 22:05:08,400 golem DEBUG Element found
2017-10-09 22:05:08,476 golem INFO Click login_button
2017-10-09 22:05:09,133 golem INFO Random value generated: hnflj
2017-10-09 22:05:09,134 golem INFO Store value hnflj in key page_name
2017-10-09 22:05:09,459 golem DEBUG Element found
2017-10-09 22:05:09,542 golem DEBUG Element found
2017-10-09 22:05:09,600 golem DEBUG Element found
2017-10-09 22:05:09,743 golem DEBUG Element found
2017-10-09 22:05:09,857 golem INFO Write 'hnflj' in element None
2017-10-09 22:05:09,857 golem INFO Press key: ENTER
2017-10-09 22:05:09,892 golem DEBUG Element found
2017-10-09 22:05:09,942 golem DEBUG Element found
2017-10-09 22:05:09,983 golem INFO Close driver
2017-10-09 22:05:10,053 golem INFO Test passed
