13:02:30.083 INFO Test execution started: index.create_project
13:02:30.083 INFO Browser: chrome
13:02:30.084 INFO Environment: test
13:02:30.084 INFO Using data: 
    url: http://localhost:8000

13:02:38.780 INFO Navigate to: 'http://localhost:8000'
13:02:39.053 INFO Write 'admin' in element username
13:02:39.187 INFO Write 'admin' in element password
13:02:39.259 INFO Click login_button
13:02:42.716 INFO Click Create Project button
13:02:42.926 INFO Random value generated: tyxa
13:02:42.927 INFO Store value tyxa in key project_name
13:02:42.928 INFO Waiting for element ('id', 'newProjectName', 'Project Name input') to be visible
13:02:43.316 INFO Write 'tyxa' in element Project Name input
13:02:43.413 INFO Click Create button
13:02:43.650 INFO Waiting for element ('id', 'createProjectCreate', 'Create button') to be not visible
13:02:45.221 INFO Take screenshot verify the project exists in the list
13:02:47.398 INFO Take screenshot test end
13:02:52.719 INFO Close driver
13:02:52.836 INFO Test passed
