2017-10-09 22:05:01,308 golem INFO Test execution started: project.add_directory_to_pages
2017-10-09 22:05:01,309 golem INFO Browser: chrome-headless
2017-10-09 22:05:01,310 golem INFO Environment: test
2017-10-09 22:05:01,311 golem INFO Using data: 
    url: http://localhost:8000

2017-10-09 22:05:08,065 golem INFO Navigate to: 'http://localhost:8000'
2017-10-09 22:05:08,093 golem DEBUG Element found
2017-10-09 22:05:08,214 golem INFO Write 'admin' in element username
2017-10-09 22:05:08,246 golem DEBUG Element found
2017-10-09 22:05:08,366 golem INFO Write 'admin' in element password
2017-10-09 22:05:08,400 golem DEBUG Element found
2017-10-09 22:05:08,495 golem INFO Click login_button
2017-10-09 22:05:09,402 golem INFO Random value generated: rbqqt
2017-10-09 22:05:09,403 golem INFO Store value rbqqt in key directory_name
2017-10-09 22:05:09,453 golem DEBUG Element found
2017-10-09 22:05:09,537 golem DEBUG Element found
2017-10-09 22:05:09,622 golem DEBUG Element found
2017-10-09 22:05:09,836 golem DEBUG Element found
2017-10-09 22:05:09,967 golem INFO Write 'rbqqt/' in element None
2017-10-09 22:05:09,967 golem INFO Press key: ENTER
2017-10-09 22:05:10,031 golem DEBUG Element found
2017-10-09 22:05:10,151 golem DEBUG Element found
2017-10-09 22:05:10,192 golem INFO Close driver
2017-10-09 22:05:10,260 golem INFO Test passed
