2017-10-09 18:18:43,576 golem INFO Test execution started: index.create_project_name_too_short
2017-10-09 18:18:43,576 golem INFO Browser: chrome-headless
2017-10-09 18:18:43,577 golem INFO Environment: test
2017-10-09 18:18:43,578 golem INFO Using data: 
    url: http://localhost:8000

2017-10-09 18:18:49,726 golem INFO Navigate to: 'http://localhost:8000'
2017-10-09 18:18:49,830 golem DEBUG Element found
2017-10-09 18:18:50,291 golem INFO Write 'admin' in element username
2017-10-09 18:18:50,323 golem DEBUG Element found
2017-10-09 18:18:50,633 golem INFO Write 'admin' in element password
2017-10-09 18:18:50,675 golem DEBUG Element found
2017-10-09 18:18:50,869 golem INFO Click login_button
2017-10-09 18:18:51,809 golem DEBUG Element found
2017-10-09 18:18:51,961 golem INFO Click Create Project button
2017-10-09 18:18:52,157 golem INFO Random value generated: uu
2017-10-09 18:18:52,158 golem INFO Store value uu in key project_name
2017-10-09 18:18:52,248 golem DEBUG Element found
2017-10-09 18:18:52,552 golem INFO Write 'uu' in element Project Name input
2017-10-09 18:18:52,594 golem DEBUG Element found
2017-10-09 18:18:52,684 golem INFO Click Create button
2017-10-09 18:18:52,965 golem INFO Waiting for element ('id', 'errorModal', 'error_modal') to be visible
2017-10-09 18:18:53,050 golem DEBUG Element found
2017-10-09 18:18:53,077 golem DEBUG Element still not visible, waiting
2017-10-09 18:18:53,664 golem INFO Take screenshot verify the application shows the error message: Project name is too short
2017-10-09 18:18:54,795 golem INFO Close driver
2017-10-09 18:18:56,884 golem INFO Test passed
