13:18:08.876 INFO Test execution started: index.create_project
13:18:08.876 INFO Browser: chrome-headless
13:18:08.876 INFO Environment: test
13:18:08.876 INFO Using data: 
    url: http://localhost:8000

13:18:13.587 INFO Navigate to: 'http://localhost:8000'
13:18:13.836 INFO Write 'admin' in element username
13:18:14.017 INFO Write 'admin' in element password
13:18:14.079 INFO Click login_button
13:18:14.436 INFO Click Create Project button
13:18:14.522 INFO Random value generated: yboe
13:18:14.523 INFO Store value yboe in key project_name
13:18:14.523 INFO Waiting for element ('id', 'newProjectName', 'Project Name input') to be visible
13:18:14.731 INFO Write 'yboe' in element Project Name input
13:18:14.790 INFO Click Create button
13:18:14.916 INFO Waiting for element ('id', 'createProjectCreate', 'Create button') to be not visible
13:18:16.485 INFO Take screenshot verify the project exists in the list
13:18:18.255 INFO Take screenshot test end
13:18:18.986 INFO Close driver
13:18:24.494 INFO Test passed
