2017-10-05 15:41:56,245 golem INFO Test execution started: header.search_for_a_product
2017-10-05 15:41:56,245 golem INFO Driver: chrome-headless
2017-10-05 15:42:15,165 golem INFO Navigate to: 'http://store.demoqa.com/'
2017-10-05 15:42:15,182 golem DEBUG Element found
2017-10-05 15:42:15,828 golem INFO Write 'mouse' in element Search input
2017-10-05 15:42:15,828 golem INFO Press key: ENTER
2017-10-05 15:42:15,836 golem DEBUG Element found
2017-10-05 15:42:20,893 golem INFO Take screenshot error
2017-10-05 15:42:21,920 golem ERROR An error ocurred:
Traceback (most recent call last):
  File "/Users/lucianofeo/Desktop/golem/src/golem/test_runner/test_runner.py", line 93, in run_test
    test_module.test(execution.data)
  File "/Users/lucianofeo/Desktop/golem/example/projects/store_demoqa/tests/header/search_for_a_product.py", line 15, in test
    search_result.verify_product_in_results('Magic Mouse')
  File "/Users/lucianofeo/Desktop/golem/example/projects/store_demoqa/pages/search_result.py", line 6, in verify_product_in_results
    products = elements('.product_grid_display>.product_grid_item')
  File "/Users/lucianofeo/Desktop/golem/src/golem/browser.py", line 209, in elements
    webelement = get_browser().find_all(**kwargs)
  File "/Users/lucianofeo/Desktop/golem/src/golem/browser.py", line 187, in _find_all
    raise IncorrectSelectorType('Incorrect selector provided')
golem.core.exceptions.IncorrectSelectorType: Incorrect selector provided
