2017-10-09 22:05:07,157 golem INFO Test execution started: project.add_page_inside_directory
2017-10-09 22:05:07,158 golem INFO Browser: chrome-headless
2017-10-09 22:05:07,158 golem INFO Environment: test
2017-10-09 22:05:07,159 golem INFO Using data: 
    url: http://localhost:8000

2017-10-09 22:05:09,319 golem INFO Navigate to: 'http://localhost:8000'
2017-10-09 22:05:09,357 golem DEBUG Element found
2017-10-09 22:05:09,515 golem INFO Write 'admin' in element username
2017-10-09 22:05:09,542 golem DEBUG Element found
2017-10-09 22:05:09,644 golem INFO Write 'admin' in element password
2017-10-09 22:05:09,670 golem DEBUG Element found
2017-10-09 22:05:09,704 golem INFO Click login_button
2017-10-09 22:05:10,809 golem INFO Random value generated: one/rlaog
2017-10-09 22:05:10,809 golem INFO Store value one/rlaog in key page_name
2017-10-09 22:05:10,839 golem DEBUG Element found
2017-10-09 22:05:10,910 golem DEBUG Element found
2017-10-09 22:05:10,943 golem DEBUG Element found
2017-10-09 22:05:10,973 golem DEBUG Element found
2017-10-09 22:05:11,068 golem DEBUG Element found
2017-10-09 22:05:11,112 golem DEBUG Element found
2017-10-09 22:05:11,222 golem DEBUG Element found
2017-10-09 22:05:11,305 golem INFO Write 'rlaog' in element None
2017-10-09 22:05:11,306 golem INFO Press key: ENTER
2017-10-09 22:05:11,338 golem DEBUG Element found
2017-10-09 22:05:11,365 golem DEBUG Element found
2017-10-09 22:05:11,449 golem DEBUG Element found
2017-10-09 22:05:11,474 golem INFO Close driver
2017-10-09 22:05:11,541 golem INFO Test passed
