2017-10-09 18:18:43,578 golem INFO Test execution started: index.create_project
2017-10-09 18:18:43,579 golem INFO Browser: chrome-headless
2017-10-09 18:18:43,580 golem INFO Environment: test
2017-10-09 18:18:43,580 golem INFO Using data: 
    url: http://localhost:8000

2017-10-09 18:18:49,332 golem INFO Navigate to: 'http://localhost:8000'
2017-10-09 18:18:49,480 golem DEBUG Element found
2017-10-09 18:18:50,539 golem INFO Write 'admin' in element username
2017-10-09 18:18:50,582 golem DEBUG Element found
2017-10-09 18:18:50,899 golem INFO Write 'admin' in element password
2017-10-09 18:18:50,979 golem DEBUG Element found
2017-10-09 18:18:51,025 golem INFO Click login_button
2017-10-09 18:18:52,045 golem DEBUG Element found
2017-10-09 18:18:52,126 golem INFO Click Create Project button
2017-10-09 18:18:52,399 golem INFO Random value generated: pyri
2017-10-09 18:18:52,400 golem INFO Store value pyri in key project_name
2017-10-09 18:18:52,400 golem INFO Waiting for element ('id', 'newProjectName', 'Project Name input') to be visible
2017-10-09 18:18:52,543 golem DEBUG Element found
2017-10-09 18:18:52,615 golem DEBUG Element found
2017-10-09 18:18:52,875 golem INFO Write 'pyri' in element Project Name input
2017-10-09 18:18:52,945 golem DEBUG Element found
2017-10-09 18:18:53,005 golem INFO Click Create button
2017-10-09 18:18:53,258 golem INFO Waiting for element ('id', 'createProjectCreate', 'Create button') to be not visible
2017-10-09 18:18:53,272 golem DEBUG Element found
2017-10-09 18:18:53,280 golem DEBUG Element still not visible, waiting
2017-10-09 18:18:53,789 golem DEBUG Element still not visible, waiting
2017-10-09 18:18:54,298 golem DEBUG Element still not visible, waiting
2017-10-09 18:18:54,816 golem DEBUG Element not visible, continuing anyway
2017-10-09 18:18:54,824 golem INFO Take screenshot verify the project exists in the list
2017-10-09 18:18:59,426 golem INFO Close driver
2017-10-09 18:19:00,294 golem INFO Test passed
