2017-10-10 23:24:50,112 golem INFO Test execution started: project.add_page_with_duplicated_name
2017-10-10 23:24:50,113 golem INFO Browser: chrome-headless
2017-10-10 23:24:50,113 golem INFO Environment: test
2017-10-10 23:24:50,113 golem INFO Using data: 
    url: http://localhost:8000

2017-10-10 23:25:06,663 golem INFO Navigate to: 'http://localhost:8000'
2017-10-10 23:25:06,699 golem DEBUG Element found
2017-10-10 23:25:07,490 golem INFO Write 'admin' in element username
2017-10-10 23:25:07,522 golem DEBUG Element found
2017-10-10 23:25:07,737 golem INFO Write 'admin' in element password
2017-10-10 23:25:07,813 golem DEBUG Element found
2017-10-10 23:25:07,934 golem INFO Click login_button
2017-10-10 23:25:10,209 golem INFO Random value generated: yljeb
2017-10-10 23:25:10,210 golem INFO Store value yljeb in key page_name
2017-10-10 23:25:10,361 golem DEBUG Element found
2017-10-10 23:25:10,437 golem DEBUG Element still not visible, waiting
2017-10-10 23:25:10,993 golem DEBUG Element found
2017-10-10 23:25:11,059 golem DEBUG Element found
2017-10-10 23:25:11,392 golem DEBUG Element found
2017-10-10 23:25:11,579 golem INFO Write 'yljeb' in element None
2017-10-10 23:25:11,580 golem INFO Press key: ENTER
2017-10-10 23:25:11,623 golem DEBUG Element found
2017-10-10 23:25:11,652 golem DEBUG Element found
2017-10-10 23:25:11,685 golem DEBUG Element found
2017-10-10 23:25:11,799 golem DEBUG Element found
2017-10-10 23:25:11,856 golem INFO Write 'yljeb' in element None
2017-10-10 23:25:12,216 golem INFO Press key: ENTER
2017-10-10 23:25:12,245 golem INFO Waiting for element ('id', 'errorModal', 'Error modal') to be visible
2017-10-10 23:25:12,296 golem DEBUG Element found
2017-10-10 23:25:12,322 golem DEBUG Element still not visible, waiting
2017-10-10 23:25:12,901 golem INFO Close driver
2017-10-10 23:25:13,262 golem INFO Test passed
