2017-10-09 22:04:36,119 golem INFO Test execution started: index.create_project
2017-10-09 22:04:36,119 golem INFO Browser: chrome-headless
2017-10-09 22:04:36,120 golem INFO Environment: test
2017-10-09 22:04:36,120 golem INFO Using data: 
    url: http://localhost:8000

2017-10-09 22:04:40,833 golem INFO Navigate to: 'http://localhost:8000'
2017-10-09 22:04:40,862 golem DEBUG Element found
2017-10-09 22:04:41,026 golem INFO Write 'admin' in element username
2017-10-09 22:04:41,063 golem DEBUG Element found
2017-10-09 22:04:41,264 golem INFO Write 'admin' in element password
2017-10-09 22:04:41,301 golem DEBUG Element found
2017-10-09 22:04:41,335 golem INFO Click login_button
2017-10-09 22:04:41,632 golem DEBUG Element found
2017-10-09 22:04:41,663 golem INFO Click Create Project button
2017-10-09 22:04:41,743 golem INFO Random value generated: sbgc
2017-10-09 22:04:41,743 golem INFO Store value sbgc in key project_name
2017-10-09 22:04:41,744 golem INFO Waiting for element ('id', 'newProjectName', 'Project Name input') to be visible
2017-10-09 22:04:41,772 golem DEBUG Element found
2017-10-09 22:04:41,831 golem DEBUG Element found
2017-10-09 22:04:41,907 golem INFO Write 'sbgc' in element Project Name input
2017-10-09 22:04:41,931 golem DEBUG Element found
2017-10-09 22:04:41,963 golem INFO Click Create button
2017-10-09 22:04:42,030 golem INFO Waiting for element ('id', 'createProjectCreate', 'Create button') to be not visible
2017-10-09 22:04:42,038 golem DEBUG Element found
2017-10-09 22:04:42,046 golem DEBUG Element still not visible, waiting
2017-10-09 22:04:42,554 golem DEBUG Element still not visible, waiting
2017-10-09 22:04:43,062 golem DEBUG Element still not visible, waiting
2017-10-09 22:04:43,576 golem DEBUG Element not visible, continuing anyway
2017-10-09 22:04:43,583 golem INFO Take screenshot verify the project exists in the list
2017-10-09 22:04:44,458 golem INFO Close driver
2017-10-09 22:04:44,521 golem INFO Test passed
