16:31:05.857 INFO Test execution started: index.create_project
16:31:05.858 INFO Browser: chrome
16:31:05.858 INFO Environment: test
16:31:05.859 INFO Using data: 
    url: http://localhost:8000

16:31:08.661 INFO Navigate to: 'http://localhost:8000'
16:31:09.456 INFO Write 'admin' in element username
16:31:09.602 INFO Write 'admin' in element password
16:31:09.667 INFO Click login_button
16:31:10.053 INFO Click Create Project button
16:31:10.259 INFO Random value generated: geks
16:31:10.259 INFO Store value geks in key project_name
16:31:10.260 INFO Waiting for element ('id', 'newProjectName', 'Project Name input') to be visible
16:31:10.477 INFO Write 'geks' in element Project Name input
16:31:10.553 INFO Click Create button
16:31:15.125 INFO Waiting for element ('id', 'createProjectCreate', 'Create button') to be not visible
16:31:15.207 INFO Take screenshot verify the project exists in the list
16:31:18.414 INFO Take screenshot test end
16:31:24.515 INFO Close driver
16:31:24.583 INFO Test passed
