13:18:08.900 INFO Test execution started: index.create_project_repeated_name
13:18:08.901 INFO Browser: chrome-headless
13:18:08.901 INFO Environment: test
13:18:08.901 INFO Using data: 
    url: http://localhost:8000

13:18:13.619 INFO Navigate to: 'http://localhost:8000'
13:18:13.832 INFO Write 'admin' in element username
13:18:14.020 INFO Write 'admin' in element password
13:18:14.083 INFO Click login_button
13:18:14.441 INFO Click Create Project button
13:18:14.528 INFO Random value generated: cslii
13:18:14.529 INFO Store value cslii in key project_name
13:18:14.713 INFO Write 'cslii' in element Project Name input
13:18:14.781 INFO Click Create button
13:18:14.901 INFO Click Create Project button
13:18:15.069 INFO Write 'cslii' in element Project Name input
13:18:15.106 INFO Click Create button
13:18:15.167 INFO Waiting for element ('id', 'errorModal', 'error_modal') to be visible
13:18:15.813 INFO Take screenshot verify the application shows the error message: A project with that name already exists
13:18:16.936 INFO Take screenshot test end
13:18:17.980 INFO Close driver
13:18:18.046 INFO Test passed
