19:45:48.083 INFO Test execution started: page_builder.add_element_to_page
19:45:48.083 INFO Browser: chrome
19:45:48.084 INFO Environment: test
19:45:48.084 INFO Using data: 
    url: http://localhost:8000

19:45:54.410 INFO Navigate to: 'http://localhost:8000'
19:45:55.970 INFO Write 'admin' in element username
19:45:56.119 INFO Write 'admin' in element password
19:45:56.197 INFO Click login_button
19:45:58.370 INFO Store value ['some_element', 'id', 'selector_value', 'display_name'] in key element_def
19:45:58.371 INFO Random value generated: 173
19:46:04.190 INFO Write 'test_add_element_173' in element None
19:46:04.191 INFO Press key: ENTER
19:46:04.408 INFO Click None
19:46:06.408 INFO Click Add Element button
19:46:06.843 INFO Write 'some_element' in element None
19:46:07.235 INFO Write 'id' in element None
19:46:07.591 INFO Write 'selector_value' in element None
19:46:07.657 INFO Clear None element
19:46:07.991 INFO Write 'display_name' in element None
19:46:07.992 INFO Waiting for 1 seconds
19:46:09.057 INFO Click Save button
19:46:09.134 INFO Waiting for element #toast-container to not exist
19:46:14.711 INFO Refresh page
19:46:15.062 INFO Take screenshot test end
19:46:17.151 INFO Close driver
19:46:17.220 INFO Test passed
