2017-10-09 22:05:20,919 golem INFO Test execution started: project.create_page_with_middle_spaces
2017-10-09 22:05:20,920 golem INFO Browser: chrome-headless
2017-10-09 22:05:20,920 golem INFO Environment: test
2017-10-09 22:05:20,921 golem INFO Using data: 
    url: http://localhost:8000

2017-10-09 22:05:27,484 golem INFO Navigate to: 'http://localhost:8000'
2017-10-09 22:05:27,520 golem DEBUG Element found
2017-10-09 22:05:27,684 golem INFO Write 'admin' in element username
2017-10-09 22:05:27,718 golem DEBUG Element found
2017-10-09 22:05:27,873 golem INFO Write 'admin' in element password
2017-10-09 22:05:27,906 golem DEBUG Element found
2017-10-09 22:05:27,953 golem INFO Click login_button
2017-10-09 22:05:28,710 golem DEBUG Element found
2017-10-09 22:05:28,759 golem DEBUG Element found
2017-10-09 22:05:28,809 golem DEBUG Element found
2017-10-09 22:05:28,909 golem DEBUG Element found
2017-10-09 22:05:29,019 golem INFO Write 'test with spaces' in element None
2017-10-09 22:05:29,019 golem INFO Press key: ENTER
2017-10-09 22:05:29,040 golem INFO Waiting for element ('id', 'errorModal', 'Error modal') to be visible
2017-10-09 22:05:29,062 golem DEBUG Element found
2017-10-09 22:05:29,079 golem DEBUG Element still not visible, waiting
2017-10-09 22:05:29,636 golem INFO Close driver
2017-10-09 22:05:29,702 golem INFO Test passed
