2017-10-09 22:10:46,210 golem INFO Test execution started: project.create_page_with_middle_spaces
2017-10-09 22:10:46,211 golem INFO Browser: chrome-headless
2017-10-09 22:10:46,212 golem INFO Environment: test
2017-10-09 22:10:46,212 golem INFO Using data: 
    url: http://localhost:8000

2017-10-09 22:10:53,705 golem INFO Navigate to: 'http://localhost:8000'
2017-10-09 22:10:53,745 golem DEBUG Element found
2017-10-09 22:10:53,996 golem INFO Write 'admin' in element username
2017-10-09 22:10:54,043 golem DEBUG Element found
2017-10-09 22:10:54,211 golem INFO Write 'admin' in element password
2017-10-09 22:10:54,243 golem DEBUG Element found
2017-10-09 22:10:54,301 golem INFO Click login_button
2017-10-09 22:10:55,080 golem DEBUG Element found
2017-10-09 22:10:55,371 golem DEBUG Element found
2017-10-09 22:10:55,436 golem DEBUG Element found
2017-10-09 22:10:55,575 golem DEBUG Element found
2017-10-09 22:10:55,705 golem INFO Write 'test with spaces' in element None
2017-10-09 22:10:55,705 golem INFO Press key: ENTER
2017-10-09 22:10:55,729 golem INFO Waiting for element ('id', 'errorModal', 'Error modal') to be visible
2017-10-09 22:10:55,764 golem DEBUG Element found
2017-10-09 22:10:55,788 golem DEBUG Element still not visible, waiting
2017-10-09 22:10:56,374 golem INFO Close driver
2017-10-09 22:10:56,442 golem INFO Test passed
