2017-10-09 22:10:19,070 golem INFO Test execution started: index.create_project_missing_name
2017-10-09 22:10:19,071 golem INFO Browser: chrome-headless
2017-10-09 22:10:19,071 golem INFO Environment: test
2017-10-09 22:10:19,072 golem INFO Using data: 
    url: http://localhost:8000

2017-10-09 22:10:23,255 golem INFO Navigate to: 'http://localhost:8000'
2017-10-09 22:10:23,289 golem DEBUG Element found
2017-10-09 22:10:23,476 golem INFO Write 'admin' in element username
2017-10-09 22:10:23,511 golem DEBUG Element found
2017-10-09 22:10:23,627 golem INFO Write 'admin' in element password
2017-10-09 22:10:23,656 golem DEBUG Element found
2017-10-09 22:10:23,694 golem INFO Click login_button
2017-10-09 22:10:23,925 golem DEBUG Element found
2017-10-09 22:10:23,954 golem INFO Click Create Project button
2017-10-09 22:10:24,054 golem DEBUG Element found
2017-10-09 22:10:24,095 golem INFO Click Create button
2017-10-09 22:10:24,179 golem INFO Waiting for element ('id', 'errorModal', 'error_modal') to be visible
2017-10-09 22:10:24,201 golem DEBUG Element found
2017-10-09 22:10:24,221 golem DEBUG Element still not visible, waiting
2017-10-09 22:10:24,776 golem INFO Take screenshot verify the application shows the error message: Project name is too short
2017-10-09 22:10:25,500 golem INFO Close driver
2017-10-09 22:10:25,566 golem INFO Test passed
