2017-10-05 15:42:22,364 golem INFO Test execution started: my_account.click_login_without_password
2017-10-05 15:42:22,364 golem INFO Driver: chrome-headless
2017-10-05 15:42:29,304 golem INFO Navigate to: 'http://store.demoqa.com/'
2017-10-05 15:42:29,326 golem DEBUG Element found
2017-10-05 15:42:41,402 golem INFO Click my_account
2017-10-05 15:42:41,425 golem DEBUG Element found
2017-10-05 15:42:42,818 golem INFO Write 'my_username' in element username input
2017-10-05 15:42:42,833 golem DEBUG Element found
2017-10-05 15:42:42,903 golem INFO Click login_button
2017-10-05 15:42:42,903 golem INFO Waiting for element ('css', 'div.wpsc_loading_animation', 'loading_icon') to be not visible
2017-10-05 15:42:42,918 golem DEBUG Element found
2017-10-05 15:42:42,943 golem DEBUG Element is still visible, waiting...
2017-10-05 15:42:43,450 golem DEBUG Element is still visible, waiting...
2017-10-05 15:42:43,957 golem DEBUG Element is still visible, waiting...
2017-10-05 15:42:44,464 golem DEBUG Element is still visible, waiting...
2017-10-05 15:42:44,971 golem INFO Waiting for element ('css', '#ajax_loginform>p.response', 'error_message') to be visible
2017-10-05 15:42:44,985 golem DEBUG Element found
2017-10-05 15:42:45,018 golem DEBUG Element found
2017-10-05 15:42:45,030 golem INFO Verify element 'error_message' contains text 'ERROR: The password field is empty.'
2017-10-05 15:42:45,047 golem INFO Take screenshot Error message
2017-10-05 15:42:46,177 golem INFO Test passed
