10:15:50.939 INFO Test execution started: index.create_project
10:15:50.940 INFO Browser: chrome
10:15:50.940 INFO Environment: test
10:15:50.940 INFO Using data: 
    url: http://localhost:8000

10:15:54.582 INFO Navigate to: 'http://localhost:8000'
10:15:54.791 INFO Write 'admin' in element username
10:15:55.255 INFO Write 'admin' in element password
10:15:55.320 INFO Click login_button
10:16:01.902 INFO Click Create Project button
10:16:02.084 INFO Random value generated: ddxj
10:16:02.085 INFO Store value ddxj in key project_name
10:16:02.085 INFO Waiting for element ('id', 'newProjectName', 'Project Name input') to be visible
10:16:02.318 INFO Write 'ddxj' in element Project Name input
10:16:02.395 INFO Click Create button
10:16:02.500 INFO Waiting for element ('id', 'createProjectCreate', 'Create button') to be not visible
10:16:03.056 INFO Take screenshot verify the project exists in the list
10:16:04.828 INFO Take screenshot test end
10:16:06.483 INFO Close driver
10:16:06.552 INFO Test passed
