10:14:30.119 INFO Test execution started: index.create_project
10:14:30.119 INFO Browser: chrome
10:14:30.120 INFO Environment: test
10:14:30.120 INFO Using data: 
    url: http://localhost:8000

10:14:33.205 INFO Navigate to: 'http://localhost:8000'
10:14:33.421 INFO Write 'admin' in element username
10:14:33.571 INFO Write 'admin' in element password
10:14:33.633 INFO Click login_button
10:14:33.970 INFO Click Create Project button
10:14:34.031 INFO Random value generated: gldi
10:14:34.032 INFO Store value gldi in key project_name
10:14:34.032 INFO Waiting for element ('id', 'newProjectName', 'Project Name input') to be visible
10:14:34.447 INFO Write 'gldi' in element Project Name input
10:14:34.518 INFO Click Create button
10:14:38.159 INFO Waiting for element ('id', 'createProjectCreate', 'Create button') to be not visible
10:14:38.227 INFO Take screenshot verify the project exists in the list
10:14:39.857 INFO Take screenshot test end
10:14:40.783 INFO Close driver
10:14:40.854 INFO Test passed
