13:25:00.558 INFO Test execution started: index.create_project_repeated_name
13:25:00.558 INFO Browser: chrome-headless
13:25:00.559 INFO Environment: test
13:25:00.559 INFO Using data: 
    url: http://localhost:8000

13:25:04.858 INFO Navigate to: 'http://localhost:8000'
13:25:05.221 INFO Write 'admin' in element username
13:25:05.360 INFO Write 'admin' in element password
13:25:05.498 INFO Click login_button
13:25:05.874 INFO Click Create Project button
13:25:05.974 INFO Random value generated: tvist
13:25:05.974 INFO Store value tvist in key project_name
13:25:06.141 INFO Write 'tvist' in element Project Name input
13:25:06.202 INFO Click Create button
13:25:06.316 INFO Click Create Project button
13:25:06.429 INFO Write 'tvist' in element Project Name input
13:25:06.450 INFO Click Create button
13:25:06.491 INFO Waiting for element ('id', 'errorModal', 'error_modal') to be visible
13:25:07.099 INFO Take screenshot verify the application shows the error message: A project with that name already exists
13:25:08.202 INFO Take screenshot test end
13:25:09.317 INFO Close driver
13:25:09.382 INFO Test passed
