2017-10-09 18:18:43,577 golem INFO Test execution started: index.create_project_missing_name
2017-10-09 18:18:43,579 golem INFO Browser: chrome-headless
2017-10-09 18:18:43,580 golem INFO Environment: test
2017-10-09 18:18:43,580 golem INFO Using data: 
    url: http://localhost:8000

2017-10-09 18:18:49,581 golem INFO Navigate to: 'http://localhost:8000'
2017-10-09 18:18:49,642 golem DEBUG Element found
2017-10-09 18:18:50,845 golem INFO Write 'admin' in element username
2017-10-09 18:18:50,875 golem DEBUG Element found
2017-10-09 18:18:51,044 golem INFO Write 'admin' in element password
2017-10-09 18:18:51,217 golem DEBUG Element found
2017-10-09 18:18:51,338 golem INFO Click login_button
2017-10-09 18:18:52,289 golem DEBUG Element found
2017-10-09 18:18:52,427 golem INFO Click Create Project button
2017-10-09 18:18:52,668 golem DEBUG Element found
2017-10-09 18:18:52,846 golem INFO Click Create button
2017-10-09 18:18:53,047 golem INFO Waiting for element ('id', 'errorModal', 'error_modal') to be visible
2017-10-09 18:18:53,146 golem DEBUG Element found
2017-10-09 18:18:53,185 golem DEBUG Element still not visible, waiting
2017-10-09 18:18:53,771 golem INFO Take screenshot verify the application shows the error message: Project name is too short
2017-10-09 18:18:54,911 golem INFO Close driver
2017-10-09 18:18:56,890 golem INFO Test passed
