13:25:00.543 INFO Test execution started: index.create_project
13:25:00.544 INFO Browser: chrome-headless
13:25:00.544 INFO Environment: test
13:25:00.545 INFO Using data: 
    url: http://localhost:8000

13:25:04.875 INFO Navigate to: 'http://localhost:8000'
13:25:05.245 INFO Write 'admin' in element username
13:25:05.387 INFO Write 'admin' in element password
13:25:05.467 INFO Click login_button
13:25:05.919 INFO Click Create Project button
13:25:06.057 INFO Random value generated: ddac
13:25:06.058 INFO Store value ddac in key project_name
13:25:06.058 INFO Waiting for element ('id', 'newProjectName', 'Project Name input') to be visible
13:25:06.231 INFO Write 'ddac' in element Project Name input
13:25:06.289 INFO Click Create button
13:25:06.383 INFO Waiting for element ('id', 'createProjectCreate', 'Create button') to be not visible
13:25:07.959 INFO Take screenshot verify the project exists in the list
13:25:09.271 INFO Take screenshot test end
13:25:10.217 INFO Close driver
13:25:10.283 INFO Test passed
