11:41:17.412 INFO Test execution started: index.create_project
11:41:17.412 INFO Browser: chrome
11:41:17.413 INFO Environment: test
11:41:17.413 INFO Using data: 
    url: http://localhost:8000

11:41:20.748 INFO Navigate to: 'http://localhost:8000'
11:41:20.987 INFO Write 'admin' in element username
11:41:21.127 INFO Write 'admin' in element password
11:41:21.196 INFO Click login_button
11:41:21.547 INFO Click Create Project button
11:41:21.616 INFO Random value generated: mehd
11:41:21.617 INFO Store value project_mehd in key project_name
11:41:21.617 INFO Waiting for element ('id', 'newProjectName', 'Project Name input') to be visible
11:41:22.052 INFO Write 'project_mehd' in element Project Name input
11:41:22.183 INFO Click Create button
11:41:27.828 INFO Waiting for element ('id', 'createProjectCreate', 'Create button') to be not visible
11:41:28.379 INFO Take screenshot verify the project exists in the list
11:41:30.001 INFO Take screenshot test end
11:41:31.065 INFO Close driver
11:41:31.133 INFO Test passed
