2017-10-10 23:24:39,968 golem INFO Test execution started: index.create_project_missing_name
2017-10-10 23:24:39,969 golem INFO Browser: chrome-headless
2017-10-10 23:24:39,970 golem INFO Environment: test
2017-10-10 23:24:39,970 golem INFO Using data: 
    url: http://localhost:8000

2017-10-10 23:24:45,211 golem INFO Navigate to: 'http://localhost:8000'
2017-10-10 23:24:45,275 golem DEBUG Element found
2017-10-10 23:24:45,656 golem INFO Write 'admin' in element username
2017-10-10 23:24:45,795 golem DEBUG Element found
2017-10-10 23:24:46,054 golem INFO Write 'admin' in element password
2017-10-10 23:24:46,104 golem DEBUG Element found
2017-10-10 23:24:46,277 golem INFO Click login_button
2017-10-10 23:24:46,862 golem DEBUG Element found
2017-10-10 23:24:46,940 golem INFO Click Create Project button
2017-10-10 23:24:47,295 golem DEBUG Element found
2017-10-10 23:24:47,424 golem INFO Click Create button
2017-10-10 23:24:47,632 golem INFO Waiting for element ('id', 'errorModal', 'error_modal') to be visible
2017-10-10 23:24:47,667 golem DEBUG Element found
2017-10-10 23:24:47,701 golem DEBUG Element still not visible, waiting
2017-10-10 23:24:48,281 golem INFO Take screenshot verify the application shows the error message: Project name is too short
2017-10-10 23:24:49,428 golem INFO Close driver
2017-10-10 23:24:49,502 golem INFO Test passed
