2017-10-09 18:18:58,612 golem INFO Test execution started: project.create_page_with_middle_spaces
2017-10-09 18:18:58,613 golem INFO Browser: chrome-headless
2017-10-09 18:18:58,614 golem INFO Environment: test
2017-10-09 18:18:58,614 golem INFO Using data: 
    url: http://localhost:8000

2017-10-09 18:19:13,330 golem INFO Navigate to: 'http://localhost:8000'
2017-10-09 18:19:13,375 golem DEBUG Element found
2017-10-09 18:19:13,848 golem INFO Write 'admin' in element username
2017-10-09 18:19:14,006 golem DEBUG Element found
2017-10-09 18:19:14,290 golem INFO Write 'admin' in element password
2017-10-09 18:19:14,489 golem DEBUG Element found
2017-10-09 18:19:14,623 golem INFO Click login_button
2017-10-09 18:19:19,240 golem DEBUG Element found
2017-10-09 18:19:19,918 golem DEBUG Element found
2017-10-09 18:19:20,444 golem INFO Write 'test with spaces' in element add input
2017-10-09 18:19:20,446 golem INFO Press key: ENTER
2017-10-09 18:19:20,459 golem DEBUG Element found
2017-10-09 18:19:20,528 golem INFO Waiting for element ('id', 'errorModal', 'Error modal') to be visible
2017-10-09 18:19:20,667 golem DEBUG Element found
2017-10-09 18:19:20,797 golem DEBUG Element still not visible, waiting
2017-10-09 18:19:21,403 golem INFO Close driver
2017-10-09 18:19:21,477 golem INFO Test passed
