11:28:39.988 INFO Test execution started: index.create_project
11:28:39.988 INFO Browser: chrome
11:28:39.989 INFO Environment: test
11:28:39.989 INFO Using data: 
    url: http://localhost:8000

11:28:42.802 INFO Navigate to: 'http://localhost:8000'
11:28:43.693 INFO Write 'admin' in element username
11:28:43.853 INFO Write 'admin' in element password
11:28:43.926 INFO Click login_button
11:28:45.855 INFO Click Create Project button
11:28:46.012 INFO Random value generated: uyog
11:28:46.012 INFO Store value project_uyog in key project_name
11:28:46.013 INFO Waiting for element ('id', 'newProjectName', 'Project Name input') to be visible
11:28:47.716 INFO Write 'project_uyog' in element Project Name input
11:28:47.842 INFO Click Create button
11:28:47.995 INFO Waiting for element ('id', 'createProjectCreate', 'Create button') to be not visible
11:28:49.575 INFO Take screenshot verify the project exists in the list
11:28:51.863 INFO Take screenshot test end
11:28:52.609 INFO Close driver
11:28:52.678 INFO Test passed
