2017-10-10 23:24:39,963 golem INFO Test execution started: index.create_project
2017-10-10 23:24:39,964 golem INFO Browser: chrome-headless
2017-10-10 23:24:39,964 golem INFO Environment: test
2017-10-10 23:24:39,965 golem INFO Using data: 
    url: http://localhost:8000

2017-10-10 23:24:46,251 golem INFO Navigate to: 'http://localhost:8000'
2017-10-10 23:24:46,401 golem DEBUG Element found
2017-10-10 23:24:46,615 golem INFO Write 'admin' in element username
2017-10-10 23:24:46,682 golem DEBUG Element found
2017-10-10 23:24:46,917 golem INFO Write 'admin' in element password
2017-10-10 23:24:46,949 golem DEBUG Element found
2017-10-10 23:24:46,991 golem INFO Click login_button
2017-10-10 23:24:47,650 golem DEBUG Element found
2017-10-10 23:24:47,699 golem INFO Click Create Project button
2017-10-10 23:24:47,804 golem INFO Random value generated: myte
2017-10-10 23:24:47,804 golem INFO Store value myte in key project_name
2017-10-10 23:24:47,805 golem INFO Waiting for element ('id', 'newProjectName', 'Project Name input') to be visible
2017-10-10 23:24:47,848 golem DEBUG Element found
2017-10-10 23:24:47,944 golem DEBUG Element found
2017-10-10 23:24:48,104 golem INFO Write 'myte' in element Project Name input
2017-10-10 23:24:48,139 golem DEBUG Element found
2017-10-10 23:24:48,219 golem INFO Click Create button
2017-10-10 23:24:48,464 golem INFO Waiting for element ('id', 'createProjectCreate', 'Create button') to be not visible
2017-10-10 23:24:48,475 golem DEBUG Element found
2017-10-10 23:24:48,486 golem DEBUG Element still not visible, waiting
2017-10-10 23:24:48,994 golem DEBUG Element still not visible, waiting
2017-10-10 23:24:49,503 golem DEBUG Element still not visible, waiting
2017-10-10 23:24:50,021 golem DEBUG Element not visible, continuing anyway
2017-10-10 23:24:50,029 golem INFO Take screenshot verify the project exists in the list
2017-10-10 23:24:51,445 golem INFO Close driver
2017-10-10 23:24:51,519 golem INFO Test passed
