2017-10-10 23:24:49,399 golem INFO Test execution started: project.add_directory_to_pages
2017-10-10 23:24:49,400 golem INFO Browser: chrome-headless
2017-10-10 23:24:49,401 golem INFO Environment: test
2017-10-10 23:24:49,401 golem INFO Using data: 
    url: http://localhost:8000

2017-10-10 23:25:05,746 golem INFO Navigate to: 'http://localhost:8000'
2017-10-10 23:25:05,881 golem DEBUG Element found
2017-10-10 23:25:06,125 golem INFO Write 'admin' in element username
2017-10-10 23:25:06,173 golem DEBUG Element found
2017-10-10 23:25:06,474 golem INFO Write 'admin' in element password
2017-10-10 23:25:06,570 golem DEBUG Element found
2017-10-10 23:25:06,661 golem INFO Click login_button
2017-10-10 23:25:08,906 golem INFO Random value generated: dgwqo
2017-10-10 23:25:08,906 golem INFO Store value dgwqo in key directory_name
2017-10-10 23:25:08,940 golem DEBUG Element found
2017-10-10 23:25:08,971 golem DEBUG Element still not visible, waiting
2017-10-10 23:25:09,555 golem DEBUG Element found
2017-10-10 23:25:09,707 golem DEBUG Element found
2017-10-10 23:25:09,939 golem DEBUG Element found
2017-10-10 23:25:10,242 golem INFO Write 'dgwqo/' in element None
2017-10-10 23:25:10,243 golem INFO Press key: ENTER
2017-10-10 23:25:10,280 golem DEBUG Element found
2017-10-10 23:25:10,833 golem DEBUG Element not found yet, remaining time: 0.46613192558288574
2017-10-10 23:25:10,845 golem DEBUG Element found
2017-10-10 23:25:10,900 golem INFO Close driver
2017-10-10 23:25:10,974 golem INFO Test passed
