2017-10-09 22:10:36,103 golem INFO Test execution started: project.add_page_inside_directory
2017-10-09 22:10:36,103 golem INFO Browser: chrome-headless
2017-10-09 22:10:36,103 golem INFO Environment: test
2017-10-09 22:10:36,104 golem INFO Using data: 
    url: http://localhost:8000

2017-10-09 22:10:42,881 golem INFO Navigate to: 'http://localhost:8000'
2017-10-09 22:10:42,923 golem DEBUG Element found
2017-10-09 22:10:43,156 golem INFO Write 'admin' in element username
2017-10-09 22:10:43,191 golem DEBUG Element found
2017-10-09 22:10:43,342 golem INFO Write 'admin' in element password
2017-10-09 22:10:43,388 golem DEBUG Element found
2017-10-09 22:10:43,441 golem INFO Click login_button
2017-10-09 22:10:44,136 golem INFO Random value generated: one/qhddp
2017-10-09 22:10:44,136 golem INFO Store value one/qhddp in key page_name
2017-10-09 22:10:44,167 golem DEBUG Element found
2017-10-09 22:10:44,192 golem DEBUG Element still not visible, waiting
2017-10-09 22:10:44,743 golem DEBUG Element found
2017-10-09 22:10:44,783 golem DEBUG Element found
2017-10-09 22:10:44,830 golem DEBUG Element found
2017-10-09 22:10:44,967 golem DEBUG Element found
2017-10-09 22:10:45,040 golem DEBUG Element found
2017-10-09 22:10:45,199 golem DEBUG Element found
2017-10-09 22:10:45,328 golem INFO Write 'qhddp' in element None
2017-10-09 22:10:45,329 golem INFO Press key: ENTER
2017-10-09 22:10:45,368 golem DEBUG Element found
2017-10-09 22:10:45,396 golem DEBUG Element found
2017-10-09 22:10:45,502 golem DEBUG Element found
2017-10-09 22:10:45,552 golem INFO Close driver
2017-10-09 22:10:45,619 golem INFO Test passed
