13:30:01.456 INFO Test execution started: project.add_page_with_duplicated_name
13:30:01.457 INFO Browser: chrome-headless
13:30:01.458 INFO Environment: test
13:30:01.459 INFO Using data: 
    url: http://localhost:8000

13:30:05.418 INFO Navigate to: 'http://localhost:8000'
13:30:05.532 INFO Write 'admin' in element username
13:30:05.644 INFO Write 'admin' in element password
13:30:05.687 INFO Click login_button
13:30:06.141 INFO Random value generated: jceqd
13:30:06.142 INFO Store value jceqd in key page_name
13:30:06.475 INFO Write 'jceqd' in element None
13:30:06.475 INFO Press key: ENTER
13:30:06.628 INFO Write 'jceqd' in element None
13:30:06.628 INFO Press key: ENTER
13:30:06.644 INFO Waiting for element ('id', 'errorModal', 'Error modal') to be visible
13:30:07.233 INFO Take screenshot Error message is displayed
13:30:08.042 INFO Take screenshot test end
13:30:08.732 INFO Close driver
13:30:08.796 INFO Test passed
