16:31:06.292 INFO Test execution started: index.create_project
16:31:06.292 INFO Browser: firefox
16:31:06.293 INFO Environment: test
16:31:06.293 INFO Using data: 
    url: http://localhost:8000

16:31:11.592 INFO Navigate to: 'http://localhost:8000'
16:31:11.650 INFO Write 'admin' in element username
16:31:11.691 INFO Write 'admin' in element password
16:31:11.714 INFO Click login_button
16:31:11.893 INFO Click Create Project button
16:31:12.113 INFO Random value generated: rwfs
16:31:12.114 INFO Store value rwfs in key project_name
16:31:12.115 INFO Waiting for element ('id', 'newProjectName', 'Project Name input') to be visible
16:31:12.187 INFO Write 'rwfs' in element Project Name input
16:31:12.203 INFO Click Create button
16:31:12.425 INFO Waiting for element ('id', 'createProjectCreate', 'Create button') to be not visible
16:31:14.679 INFO Take screenshot verify the project exists in the list
16:31:14.903 INFO Take screenshot test end
16:31:15.043 INFO Close driver
16:31:15.148 INFO Test passed
