22:10:19.485 INFO Test execution started: index.create_project_repeated_name
22:10:19.486 INFO Browser: chrome-headless
22:10:19.486 INFO Environment: test
22:10:19.486 INFO Using data: 
    url: http://localhost:8000

22:10:23.214 INFO Navigate to: 'http://localhost:8000'
22:10:23.380 INFO Write 'admin' in element username
22:10:23.563 INFO Write 'admin' in element password
22:10:23.636 INFO Click login_button
22:10:23.918 INFO Click Create Project button
22:10:23.981 INFO Random value generated: iowqy
22:10:23.982 INFO Store value iowqy in key project_name
22:10:24.097 INFO Write 'iowqy' in element Project Name input
22:10:24.149 INFO Click Create button
22:10:24.238 INFO Click Create Project button
22:10:24.308 INFO Write 'iowqy' in element Project Name input
22:10:24.323 INFO Click Create button
22:10:24.352 INFO Waiting for element ('id', 'errorModal', 'error_modal') to be visible
22:10:24.933 INFO Take screenshot verify the application shows the error message: A project with that name already exists
22:10:25.731 INFO Close driver
22:10:25.797 INFO Test passed
