2017-10-10 23:24:49,958 golem INFO Test execution started: project.add_page_inside_directory
2017-10-10 23:24:49,959 golem INFO Browser: chrome-headless
2017-10-10 23:24:49,960 golem INFO Environment: test
2017-10-10 23:24:49,960 golem INFO Using data: 
    url: http://localhost:8000

2017-10-10 23:25:05,764 golem INFO Navigate to: 'http://localhost:8000'
2017-10-10 23:25:05,907 golem DEBUG Element found
2017-10-10 23:25:06,299 golem INFO Write 'admin' in element username
2017-10-10 23:25:06,332 golem DEBUG Element found
2017-10-10 23:25:06,512 golem INFO Write 'admin' in element password
2017-10-10 23:25:06,589 golem DEBUG Element found
2017-10-10 23:25:06,634 golem INFO Click login_button
2017-10-10 23:25:09,147 golem INFO Random value generated: one/kuvkg
2017-10-10 23:25:09,148 golem INFO Store value one/kuvkg in key page_name
2017-10-10 23:25:09,402 golem DEBUG Element found
2017-10-10 23:25:09,614 golem DEBUG Element found
2017-10-10 23:25:09,688 golem DEBUG Element found
2017-10-10 23:25:09,771 golem DEBUG Element found
2017-10-10 23:25:09,966 golem DEBUG Element found
2017-10-10 23:25:10,106 golem DEBUG Element found
2017-10-10 23:25:10,469 golem DEBUG Element found
2017-10-10 23:25:10,717 golem INFO Write 'kuvkg' in element None
2017-10-10 23:25:10,717 golem INFO Press key: ENTER
2017-10-10 23:25:10,764 golem DEBUG Element found
2017-10-10 23:25:10,812 golem DEBUG Element found
2017-10-10 23:25:11,062 golem DEBUG Element found
2017-10-10 23:25:11,164 golem INFO Close driver
2017-10-10 23:25:11,238 golem INFO Test passed
